2023-06-15 13:34:24,954 INFO  [main] com.enfernuz.quik.lua.rpc.application.RpcExampleApplication - Чтение файла конфигурации...
2023-06-15 13:34:25,074 INFO  [main] com.enfernuz.quik.lua.rpc.application.RpcExampleApplication - Инициализация клиента...
2023-06-15 13:34:25,210 INFO  [main] com.enfernuz.quik.lua.rpc.application.RpcExampleApplication - Соединение с RPC-сервисом...
2023-06-15 13:34:25,254 INFO  [main] com.enfernuz.quik.lua.rpc.application.RpcExampleApplication - Выполнение удалённой процедуры 'message' на терминале QUIK...
2023-06-15 13:34:25,305 INFO  [main] com.enfernuz.quik.lua.rpc.application.RpcExampleApplication - Результат выполнения удалённой процедуры 'message12312313': ParamEx{param_type=0, param_value=0.000000, param_image=null, result=0}.
2023-06-15 13:34:25,307 INFO  [main] com.enfernuz.quik.lua.rpc.application.RpcExampleApplication - Результат выполнения удалённой процедуры 'message': 1.
2023-06-15 13:34:25,307 INFO  [main] com.enfernuz.quik.lua.rpc.application.RpcExampleApplication - Выход из программы...
2023-06-15 13:41:00,828 INFO  [main] com.enfernuz.quik.lua.rpc.application.RpcExampleApplication - Чтение файла конфигурации...
2023-06-15 13:41:00,910 INFO  [main] com.enfernuz.quik.lua.rpc.application.RpcExampleApplication - Инициализация клиента...
2023-06-15 13:41:01,050 INFO  [main] com.enfernuz.quik.lua.rpc.application.RpcExampleApplication - Соединение с RPC-сервисом...
2023-06-15 13:41:01,098 INFO  [main] com.enfernuz.quik.lua.rpc.application.RpcExampleApplication - Выполнение удалённой процедуры 'message' на терминале QUIK...
2023-06-15 13:45:13,720 INFO  [main] com.enfernuz.quik.lua.rpc.application.RpcExampleApplication - Результат выполнения удалённой процедуры 'message12312313': ParamEx{param_type=0, param_value=0.000000, param_image=null, result=0}.
2023-06-15 13:45:13,725 INFO  [main] com.enfernuz.quik.lua.rpc.application.RpcExampleApplication - Результат выполнения удалённой процедуры 'message': 1.
2023-06-15 13:45:13,726 INFO  [main] com.enfernuz.quik.lua.rpc.application.RpcExampleApplication - Выход из программы...
2023-06-15 13:47:38,528 INFO  [main] com.enfernuz.quik.lua.rpc.application.RpcExampleApplication - Чтение файла конфигурации...
2023-06-15 13:47:38,624 INFO  [main] com.enfernuz.quik.lua.rpc.application.RpcExampleApplication - Инициализация клиента...
2023-06-15 13:47:38,786 INFO  [main] com.enfernuz.quik.lua.rpc.application.RpcExampleApplication - Соединение с RPC-сервисом...
2023-06-15 13:47:38,836 INFO  [main] com.enfernuz.quik.lua.rpc.application.RpcExampleApplication - Выполнение удалённой процедуры 'message' на терминале QUIK...
2023-06-15 13:51:35,265 INFO  [main] com.enfernuz.quik.lua.rpc.application.RpcExampleApplication - Результат выполнения удалённой процедуры 'message12312313': ParamEx{param_type=0, param_value=0.000000, param_image=null, result=0}.
2023-06-15 13:51:35,266 INFO  [main] com.enfernuz.quik.lua.rpc.application.RpcExampleApplication - Результат выполнения удалённой процедуры 'message': 1.
2023-06-15 13:51:35,266 INFO  [main] com.enfernuz.quik.lua.rpc.application.RpcExampleApplication - Выход из программы...
2023-06-15 13:51:43,228 INFO  [main] com.enfernuz.quik.lua.rpc.application.RpcExampleApplication - Чтение файла конфигурации...
2023-06-15 13:51:43,327 INFO  [main] com.enfernuz.quik.lua.rpc.application.RpcExampleApplication - Инициализация клиента...
2023-06-15 13:51:43,459 INFO  [main] com.enfernuz.quik.lua.rpc.application.RpcExampleApplication - Соединение с RPC-сервисом...
2023-06-15 13:51:43,501 INFO  [main] com.enfernuz.quik.lua.rpc.application.RpcExampleApplication - Выполнение удалённой процедуры 'message' на терминале QUIK...
2023-06-15 13:51:43,556 INFO  [main] com.enfernuz.quik.lua.rpc.application.RpcExampleApplication - Результат выполнения удалённой процедуры 'message12312313': ParamEx{param_type=2, param_value=0.000000, param_image=null, result=1}.
2023-06-15 13:51:43,557 INFO  [main] com.enfernuz.quik.lua.rpc.application.RpcExampleApplication - Результат выполнения удалённой процедуры 'message': 1.
2023-06-15 13:51:43,558 INFO  [main] com.enfernuz.quik.lua.rpc.application.RpcExampleApplication - Выход из программы...
2023-06-15 13:52:27,531 INFO  [main] com.enfernuz.quik.lua.rpc.application.RpcExampleApplication - Чтение файла конфигурации...
2023-06-15 13:52:27,627 INFO  [main] com.enfernuz.quik.lua.rpc.application.RpcExampleApplication - Инициализация клиента...
2023-06-15 13:52:27,766 INFO  [main] com.enfernuz.quik.lua.rpc.application.RpcExampleApplication - Соединение с RPC-сервисом...
2023-06-15 13:52:27,809 INFO  [main] com.enfernuz.quik.lua.rpc.application.RpcExampleApplication - Выполнение удалённой процедуры 'message' на терминале QUIK...
2023-06-15 13:52:27,855 INFO  [main] com.enfernuz.quik.lua.rpc.application.RpcExampleApplication - Результат выполнения удалённой процедуры 'message12312313': ParamEx{param_type=0, param_value=0.000000, param_image=null, result=0}.
2023-06-15 13:52:27,857 INFO  [main] com.enfernuz.quik.lua.rpc.application.RpcExampleApplication - Результат выполнения удалённой процедуры 'message': 1.
2023-06-15 13:52:27,857 INFO  [main] com.enfernuz.quik.lua.rpc.application.RpcExampleApplication - Выход из программы...
2023-06-15 13:52:57,126 INFO  [main] com.enfernuz.quik.lua.rpc.application.RpcExampleApplication - Чтение файла конфигурации...
2023-06-15 13:52:57,222 INFO  [main] com.enfernuz.quik.lua.rpc.application.RpcExampleApplication - Инициализация клиента...
2023-06-15 13:52:57,360 INFO  [main] com.enfernuz.quik.lua.rpc.application.RpcExampleApplication - Соединение с RPC-сервисом...
2023-06-15 13:52:57,402 INFO  [main] com.enfernuz.quik.lua.rpc.application.RpcExampleApplication - Выполнение удалённой процедуры 'message' на терминале QUIK...
2023-06-15 13:52:57,445 INFO  [main] com.enfernuz.quik.lua.rpc.application.RpcExampleApplication - Результат выполнения удалённой процедуры 'message12312313': ParamEx{param_type=0, param_value=0.000000, param_image=null, result=0}.
2023-06-15 13:52:57,447 INFO  [main] com.enfernuz.quik.lua.rpc.application.RpcExampleApplication - Результат выполнения удалённой процедуры 'message': 1.
2023-06-15 13:52:57,447 INFO  [main] com.enfernuz.quik.lua.rpc.application.RpcExampleApplication - Выход из программы...
2023-06-15 13:53:43,988 INFO  [main] com.enfernuz.quik.lua.rpc.application.RpcExampleApplication - Чтение файла конфигурации...
2023-06-15 13:53:44,080 INFO  [main] com.enfernuz.quik.lua.rpc.application.RpcExampleApplication - Инициализация клиента...
2023-06-15 13:53:44,219 INFO  [main] com.enfernuz.quik.lua.rpc.application.RpcExampleApplication - Соединение с RPC-сервисом...
2023-06-15 13:53:44,255 INFO  [main] com.enfernuz.quik.lua.rpc.application.RpcExampleApplication - Выполнение удалённой процедуры 'message' на терминале QUIK...
2023-06-15 13:53:44,296 INFO  [main] com.enfernuz.quik.lua.rpc.application.RpcExampleApplication - Результат выполнения удалённой процедуры 'message12312313': ParamEx{param_type=0, param_value=0.000000, param_image=null, result=0}.
2023-06-15 13:53:44,298 INFO  [main] com.enfernuz.quik.lua.rpc.application.RpcExampleApplication - Результат выполнения удалённой процедуры 'message': 1.
2023-06-15 13:53:44,298 INFO  [main] com.enfernuz.quik.lua.rpc.application.RpcExampleApplication - Выход из программы...
2023-06-15 13:54:25,540 INFO  [main] com.enfernuz.quik.lua.rpc.application.RpcExampleApplication - Чтение файла конфигурации...
2023-06-15 13:54:25,630 INFO  [main] com.enfernuz.quik.lua.rpc.application.RpcExampleApplication - Инициализация клиента...
2023-06-15 13:54:25,765 INFO  [main] com.enfernuz.quik.lua.rpc.application.RpcExampleApplication - Соединение с RPC-сервисом...
2023-06-15 13:54:25,807 INFO  [main] com.enfernuz.quik.lua.rpc.application.RpcExampleApplication - Выполнение удалённой процедуры 'message' на терминале QUIK...
2023-06-15 13:54:25,843 INFO  [main] com.enfernuz.quik.lua.rpc.application.RpcExampleApplication - Результат в GetParamEx.Args: Args{class_code=TQBR, sec_code=VTBR, param_name= STATUS}.
2023-06-15 13:54:25,852 INFO  [main] com.enfernuz.quik.lua.rpc.application.RpcExampleApplication - Результат выполнения удалённой процедуры 'message12312313': ParamEx{param_type=0, param_value=0.000000, param_image=null, result=0}.
2023-06-15 13:54:25,852 INFO  [main] com.enfernuz.quik.lua.rpc.application.RpcExampleApplication - Результат выполнения удалённой процедуры 'message': 1.
2023-06-15 13:54:25,852 INFO  [main] com.enfernuz.quik.lua.rpc.application.RpcExampleApplication - Выход из программы...
2023-06-15 13:54:39,012 INFO  [main] com.enfernuz.quik.lua.rpc.application.RpcExampleApplication - Чтение файла конфигурации...
2023-06-15 13:54:39,109 INFO  [main] com.enfernuz.quik.lua.rpc.application.RpcExampleApplication - Инициализация клиента...
2023-06-15 13:54:39,239 INFO  [main] com.enfernuz.quik.lua.rpc.application.RpcExampleApplication - Соединение с RPC-сервисом...
2023-06-15 13:54:39,283 INFO  [main] com.enfernuz.quik.lua.rpc.application.RpcExampleApplication - Выполнение удалённой процедуры 'message' на терминале QUIK...
2023-06-15 13:54:39,316 INFO  [main] com.enfernuz.quik.lua.rpc.application.RpcExampleApplication - Результат в GetParamEx.Args: Args{class_code=TQBR, sec_code=VTBR, param_name=STATUS}.
2023-06-15 13:54:39,326 INFO  [main] com.enfernuz.quik.lua.rpc.application.RpcExampleApplication - Результат выполнения удалённой процедуры 'message12312313': ParamEx{param_type=4, param_value=1.000000, param_image=торгуется, result=1}.
2023-06-15 13:54:39,326 INFO  [main] com.enfernuz.quik.lua.rpc.application.RpcExampleApplication - Результат выполнения удалённой процедуры 'message': 1.
2023-06-15 13:54:39,327 INFO  [main] com.enfernuz.quik.lua.rpc.application.RpcExampleApplication - Выход из программы...
2023-06-15 13:54:58,490 INFO  [main] com.enfernuz.quik.lua.rpc.application.RpcExampleApplication - Чтение файла конфигурации...
2023-06-15 13:54:58,584 INFO  [main] com.enfernuz.quik.lua.rpc.application.RpcExampleApplication - Инициализация клиента...
2023-06-15 13:54:58,719 INFO  [main] com.enfernuz.quik.lua.rpc.application.RpcExampleApplication - Соединение с RPC-сервисом...
2023-06-15 13:54:58,761 INFO  [main] com.enfernuz.quik.lua.rpc.application.RpcExampleApplication - Выполнение удалённой процедуры 'message' на терминале QUIK...
2023-06-15 13:54:58,793 INFO  [main] com.enfernuz.quik.lua.rpc.application.RpcExampleApplication - Результат в GetParamEx.Args: Args{class_code=TQBR, sec_code=VTBR, param_name=HIGH}.
2023-06-15 13:54:58,803 INFO  [main] com.enfernuz.quik.lua.rpc.application.RpcExampleApplication - Результат выполнения удалённой процедуры 'message12312313': ParamEx{param_type=1, param_value=0.023100, param_image=0,023100, result=1}.
2023-06-15 13:54:58,803 INFO  [main] com.enfernuz.quik.lua.rpc.application.RpcExampleApplication - Результат выполнения удалённой процедуры 'message': 1.
2023-06-15 13:54:58,803 INFO  [main] com.enfernuz.quik.lua.rpc.application.RpcExampleApplication - Выход из программы...
