2023-07-10 08:12:12,907 INFO  [main] com.enfernuz.quik.lua.rpc.application.RpcExampleApplication - Starting RpcExampleApplication using Java 11.0.18 on DESKTOP-703D9E6 with PID 1108 (E:\PROECTI\Trading-Robot\quik-lua-rpc-java-client\target\classes started by ALEX in E:\PROECTI\Trading-Robot)
2023-07-10 08:12:12,913 INFO  [main] com.enfernuz.quik.lua.rpc.application.RpcExampleApplication - No active profile set, falling back to 1 default profile: "default"
2023-07-10 08:12:19,420 INFO  [main] org.springframework.boot.web.embedded.tomcat.TomcatWebServer - Tomcat initialized with port(s): 8082 (http)
2023-07-10 08:12:19,433 INFO  [main] org.apache.coyote.http11.Http11NioProtocol - Initializing ProtocolHandler ["http-nio-8082"]
2023-07-10 08:12:19,434 INFO  [main] org.apache.catalina.core.StandardService - Starting service [Tomcat]
2023-07-10 08:12:19,435 INFO  [main] org.apache.catalina.core.StandardEngine - Starting Servlet engine: [Apache Tomcat/9.0.68]
2023-07-10 08:12:19,595 INFO  [main] org.apache.catalina.core.ContainerBase.[Tomcat].[localhost].[/] - Initializing Spring embedded WebApplicationContext
2023-07-10 08:12:19,595 INFO  [main] org.springframework.boot.web.servlet.context.ServletWebServerApplicationContext - Root WebApplicationContext: initialization completed in 6532 ms
2023-07-10 08:12:19,798 INFO  [main] com.enfernuz.quik.lua.rpc.config.ZmqTcpQluaRpcClientConfig - Чтение файла конфигурации...
2023-07-10 08:12:19,850 INFO  [main] com.enfernuz.quik.lua.rpc.config.ZmqTcpQluaRpcClientConfig - Инициализация клиента...
2023-07-10 08:12:20,208 INFO  [main] com.enfernuz.quik.lua.rpc.config.ZmqTcpQluaRpcClientConfig - Соединение с RPC-сервисом...
2023-07-10 08:12:20,283 INFO  [main] com.enfernuz.quik.lua.rpc.config.ZmqTcpQluaRpcClientConfig - Выполнение удалённой процедуры 'message' на терминале QUIK...
2023-07-10 08:12:20,515 INFO  [main] com.enfernuz.quik.lua.rpc.config.ZmqTcpQluaRpcClientConfig - Результат в result.Args: 0.
2023-07-10 08:12:20,517 INFO  [main] com.enfernuz.quik.lua.rpc.config.ZmqTcpQluaRpcClientConfig - Результат выполнения удалённой процедуры 'message': 0.
2023-07-10 08:12:20,517 INFO  [main] com.enfernuz.quik.lua.rpc.config.ZmqTcpQluaRpcClientConfig - Выход из программы...
2023-07-10 08:12:21,171 INFO  [main] org.apache.kafka.clients.consumer.ConsumerConfig - ConsumerConfig values: 
	allow.auto.create.topics = true
	auto.commit.interval.ms = 5000
	auto.offset.reset = latest
	bootstrap.servers = [localhost:9092]
	check.crcs = true
	client.dns.lookup = use_all_dns_ips
	client.id = consumer-app.1-1
	client.rack = 
	connections.max.idle.ms = 540000
	default.api.timeout.ms = 60000
	enable.auto.commit = false
	exclude.internal.topics = true
	fetch.max.bytes = 52428800
	fetch.max.wait.ms = 500
	fetch.min.bytes = 1
	group.id = app.1
	group.instance.id = null
	heartbeat.interval.ms = 3000
	interceptor.classes = []
	internal.leave.group.on.close = true
	internal.throw.on.fetch.stable.offset.unsupported = false
	isolation.level = read_uncommitted
	key.deserializer = class org.apache.kafka.common.serialization.StringDeserializer
	max.partition.fetch.bytes = 1048576
	max.poll.interval.ms = 300000
	max.poll.records = 500
	metadata.max.age.ms = 300000
	metric.reporters = []
	metrics.num.samples = 2
	metrics.recording.level = INFO
	metrics.sample.window.ms = 30000
	partition.assignment.strategy = [class org.apache.kafka.clients.consumer.RangeAssignor, class org.apache.kafka.clients.consumer.CooperativeStickyAssignor]
	receive.buffer.bytes = 65536
	reconnect.backoff.max.ms = 1000
	reconnect.backoff.ms = 50
	request.timeout.ms = 30000
	retry.backoff.ms = 100
	sasl.client.callback.handler.class = null
	sasl.jaas.config = null
	sasl.kerberos.kinit.cmd = /usr/bin/kinit
	sasl.kerberos.min.time.before.relogin = 60000
	sasl.kerberos.service.name = null
	sasl.kerberos.ticket.renew.jitter = 0.05
	sasl.kerberos.ticket.renew.window.factor = 0.8
	sasl.login.callback.handler.class = null
	sasl.login.class = null
	sasl.login.connect.timeout.ms = null
	sasl.login.read.timeout.ms = null
	sasl.login.refresh.buffer.seconds = 300
	sasl.login.refresh.min.period.seconds = 60
	sasl.login.refresh.window.factor = 0.8
	sasl.login.refresh.window.jitter = 0.05
	sasl.login.retry.backoff.max.ms = 10000
	sasl.login.retry.backoff.ms = 100
	sasl.mechanism = GSSAPI
	sasl.oauthbearer.clock.skew.seconds = 30
	sasl.oauthbearer.expected.audience = null
	sasl.oauthbearer.expected.issuer = null
	sasl.oauthbearer.jwks.endpoint.refresh.ms = 3600000
	sasl.oauthbearer.jwks.endpoint.retry.backoff.max.ms = 10000
	sasl.oauthbearer.jwks.endpoint.retry.backoff.ms = 100
	sasl.oauthbearer.jwks.endpoint.url = null
	sasl.oauthbearer.scope.claim.name = scope
	sasl.oauthbearer.sub.claim.name = sub
	sasl.oauthbearer.token.endpoint.url = null
	security.protocol = PLAINTEXT
	security.providers = null
	send.buffer.bytes = 131072
	session.timeout.ms = 45000
	socket.connection.setup.timeout.max.ms = 30000
	socket.connection.setup.timeout.ms = 10000
	ssl.cipher.suites = null
	ssl.enabled.protocols = [TLSv1.2, TLSv1.3]
	ssl.endpoint.identification.algorithm = https
	ssl.engine.factory.class = null
	ssl.key.password = null
	ssl.keymanager.algorithm = SunX509
	ssl.keystore.certificate.chain = null
	ssl.keystore.key = null
	ssl.keystore.location = null
	ssl.keystore.password = null
	ssl.keystore.type = JKS
	ssl.protocol = TLSv1.3
	ssl.provider = null
	ssl.secure.random.implementation = null
	ssl.trustmanager.algorithm = PKIX
	ssl.truststore.certificates = null
	ssl.truststore.location = null
	ssl.truststore.password = null
	ssl.truststore.type = JKS
	value.deserializer = class org.apache.kafka.common.serialization.StringDeserializer

2023-07-10 08:12:21,280 INFO  [main] org.apache.kafka.common.utils.AppInfoParser - Kafka version: 3.1.2
2023-07-10 08:12:21,280 INFO  [main] org.apache.kafka.common.utils.AppInfoParser - Kafka commitId: f8c67dc3ae0a3265
2023-07-10 08:12:21,280 INFO  [main] org.apache.kafka.common.utils.AppInfoParser - Kafka startTimeMs: 1688965941278
2023-07-10 08:12:21,284 INFO  [main] org.apache.kafka.clients.consumer.KafkaConsumer - [Consumer clientId=consumer-app.1-1, groupId=app.1] Subscribed to topic(s): getItem
2023-07-10 08:12:21,298 INFO  [main] org.apache.kafka.clients.consumer.ConsumerConfig - ConsumerConfig values: 
	allow.auto.create.topics = true
	auto.commit.interval.ms = 5000
	auto.offset.reset = latest
	bootstrap.servers = [localhost:9092]
	check.crcs = true
	client.dns.lookup = use_all_dns_ips
	client.id = consumer-app.1-2
	client.rack = 
	connections.max.idle.ms = 540000
	default.api.timeout.ms = 60000
	enable.auto.commit = false
	exclude.internal.topics = true
	fetch.max.bytes = 52428800
	fetch.max.wait.ms = 500
	fetch.min.bytes = 1
	group.id = app.1
	group.instance.id = null
	heartbeat.interval.ms = 3000
	interceptor.classes = []
	internal.leave.group.on.close = true
	internal.throw.on.fetch.stable.offset.unsupported = false
	isolation.level = read_uncommitted
	key.deserializer = class org.apache.kafka.common.serialization.StringDeserializer
	max.partition.fetch.bytes = 1048576
	max.poll.interval.ms = 300000
	max.poll.records = 500
	metadata.max.age.ms = 300000
	metric.reporters = []
	metrics.num.samples = 2
	metrics.recording.level = INFO
	metrics.sample.window.ms = 30000
	partition.assignment.strategy = [class org.apache.kafka.clients.consumer.RangeAssignor, class org.apache.kafka.clients.consumer.CooperativeStickyAssignor]
	receive.buffer.bytes = 65536
	reconnect.backoff.max.ms = 1000
	reconnect.backoff.ms = 50
	request.timeout.ms = 30000
	retry.backoff.ms = 100
	sasl.client.callback.handler.class = null
	sasl.jaas.config = null
	sasl.kerberos.kinit.cmd = /usr/bin/kinit
	sasl.kerberos.min.time.before.relogin = 60000
	sasl.kerberos.service.name = null
	sasl.kerberos.ticket.renew.jitter = 0.05
	sasl.kerberos.ticket.renew.window.factor = 0.8
	sasl.login.callback.handler.class = null
	sasl.login.class = null
	sasl.login.connect.timeout.ms = null
	sasl.login.read.timeout.ms = null
	sasl.login.refresh.buffer.seconds = 300
	sasl.login.refresh.min.period.seconds = 60
	sasl.login.refresh.window.factor = 0.8
	sasl.login.refresh.window.jitter = 0.05
	sasl.login.retry.backoff.max.ms = 10000
	sasl.login.retry.backoff.ms = 100
	sasl.mechanism = GSSAPI
	sasl.oauthbearer.clock.skew.seconds = 30
	sasl.oauthbearer.expected.audience = null
	sasl.oauthbearer.expected.issuer = null
	sasl.oauthbearer.jwks.endpoint.refresh.ms = 3600000
	sasl.oauthbearer.jwks.endpoint.retry.backoff.max.ms = 10000
	sasl.oauthbearer.jwks.endpoint.retry.backoff.ms = 100
	sasl.oauthbearer.jwks.endpoint.url = null
	sasl.oauthbearer.scope.claim.name = scope
	sasl.oauthbearer.sub.claim.name = sub
	sasl.oauthbearer.token.endpoint.url = null
	security.protocol = PLAINTEXT
	security.providers = null
	send.buffer.bytes = 131072
	session.timeout.ms = 45000
	socket.connection.setup.timeout.max.ms = 30000
	socket.connection.setup.timeout.ms = 10000
	ssl.cipher.suites = null
	ssl.enabled.protocols = [TLSv1.2, TLSv1.3]
	ssl.endpoint.identification.algorithm = https
	ssl.engine.factory.class = null
	ssl.key.password = null
	ssl.keymanager.algorithm = SunX509
	ssl.keystore.certificate.chain = null
	ssl.keystore.key = null
	ssl.keystore.location = null
	ssl.keystore.password = null
	ssl.keystore.type = JKS
	ssl.protocol = TLSv1.3
	ssl.provider = null
	ssl.secure.random.implementation = null
	ssl.trustmanager.algorithm = PKIX
	ssl.truststore.certificates = null
	ssl.truststore.location = null
	ssl.truststore.password = null
	ssl.truststore.type = JKS
	value.deserializer = class org.apache.kafka.common.serialization.StringDeserializer

2023-07-10 08:12:21,307 INFO  [main] org.apache.kafka.common.utils.AppInfoParser - Kafka version: 3.1.2
2023-07-10 08:12:21,308 INFO  [main] org.apache.kafka.common.utils.AppInfoParser - Kafka commitId: f8c67dc3ae0a3265
2023-07-10 08:12:21,308 INFO  [main] org.apache.kafka.common.utils.AppInfoParser - Kafka startTimeMs: 1688965941307
2023-07-10 08:12:21,308 INFO  [main] org.apache.kafka.clients.consumer.KafkaConsumer - [Consumer clientId=consumer-app.1-2, groupId=app.1] Subscribed to topic(s): paramEx
2023-07-10 08:12:21,310 INFO  [main] org.apache.coyote.http11.Http11NioProtocol - Starting ProtocolHandler ["http-nio-8082"]
2023-07-10 08:12:21,330 INFO  [main] org.springframework.boot.web.embedded.tomcat.TomcatWebServer - Tomcat started on port(s): 8082 (http) with context path ''
2023-07-10 08:12:21,352 INFO  [main] com.enfernuz.quik.lua.rpc.application.RpcExampleApplication - Started RpcExampleApplication in 10.509 seconds (JVM running for 29.881)
2023-07-10 08:12:21,855 INFO  [org.springframework.kafka.KafkaListenerEndpointContainer#1-0-C-1] org.apache.kafka.clients.Metadata - [Consumer clientId=consumer-app.1-2, groupId=app.1] Resetting the last seen epoch of partition paramEx-0 to 0 since the associated topicId changed from null to kd1fAaPOQbSGd2N7OSN6Nw
2023-07-10 08:12:21,855 INFO  [org.springframework.kafka.KafkaListenerEndpointContainer#0-0-C-1] org.apache.kafka.clients.Metadata - [Consumer clientId=consumer-app.1-1, groupId=app.1] Resetting the last seen epoch of partition getItem-0 to 0 since the associated topicId changed from null to i6VCqcAtT5KbQpVuXMY_-A
2023-07-10 08:12:21,864 INFO  [org.springframework.kafka.KafkaListenerEndpointContainer#0-0-C-1] org.apache.kafka.clients.Metadata - [Consumer clientId=consumer-app.1-1, groupId=app.1] Cluster ID: c71Mx4QuSkmvX7RXN3jkng
2023-07-10 08:12:21,864 INFO  [org.springframework.kafka.KafkaListenerEndpointContainer#1-0-C-1] org.apache.kafka.clients.Metadata - [Consumer clientId=consumer-app.1-2, groupId=app.1] Cluster ID: c71Mx4QuSkmvX7RXN3jkng
2023-07-10 08:12:21,868 INFO  [org.springframework.kafka.KafkaListenerEndpointContainer#0-0-C-1] org.apache.kafka.clients.consumer.internals.ConsumerCoordinator - [Consumer clientId=consumer-app.1-1, groupId=app.1] Discovered group coordinator host.docker.internal:9092 (id: 2147483647 rack: null)
2023-07-10 08:12:21,868 INFO  [org.springframework.kafka.KafkaListenerEndpointContainer#1-0-C-1] org.apache.kafka.clients.consumer.internals.ConsumerCoordinator - [Consumer clientId=consumer-app.1-2, groupId=app.1] Discovered group coordinator host.docker.internal:9092 (id: 2147483647 rack: null)
2023-07-10 08:12:21,876 INFO  [org.springframework.kafka.KafkaListenerEndpointContainer#1-0-C-1] org.apache.kafka.clients.consumer.internals.ConsumerCoordinator - [Consumer clientId=consumer-app.1-2, groupId=app.1] (Re-)joining group
2023-07-10 08:12:21,876 INFO  [org.springframework.kafka.KafkaListenerEndpointContainer#0-0-C-1] org.apache.kafka.clients.consumer.internals.ConsumerCoordinator - [Consumer clientId=consumer-app.1-1, groupId=app.1] (Re-)joining group
2023-07-10 08:12:21,948 INFO  [org.springframework.kafka.KafkaListenerEndpointContainer#1-0-C-1] org.apache.kafka.clients.consumer.internals.ConsumerCoordinator - [Consumer clientId=consumer-app.1-2, groupId=app.1] Request joining group due to: need to re-join with the given member-id
2023-07-10 08:12:21,948 INFO  [org.springframework.kafka.KafkaListenerEndpointContainer#0-0-C-1] org.apache.kafka.clients.consumer.internals.ConsumerCoordinator - [Consumer clientId=consumer-app.1-1, groupId=app.1] Request joining group due to: need to re-join with the given member-id
2023-07-10 08:12:21,949 INFO  [org.springframework.kafka.KafkaListenerEndpointContainer#0-0-C-1] org.apache.kafka.clients.consumer.internals.ConsumerCoordinator - [Consumer clientId=consumer-app.1-1, groupId=app.1] (Re-)joining group
2023-07-10 08:12:21,949 INFO  [org.springframework.kafka.KafkaListenerEndpointContainer#1-0-C-1] org.apache.kafka.clients.consumer.internals.ConsumerCoordinator - [Consumer clientId=consumer-app.1-2, groupId=app.1] (Re-)joining group
2023-07-10 08:12:21,990 INFO  [org.springframework.kafka.KafkaListenerEndpointContainer#0-0-C-1] org.apache.kafka.clients.consumer.internals.ConsumerCoordinator - [Consumer clientId=consumer-app.1-1, groupId=app.1] Successfully joined group with generation Generation{generationId=21, memberId='consumer-app.1-1-234dffc3-da79-492a-acc3-613f133f4a48', protocol='range'}
2023-07-10 08:12:21,991 INFO  [org.springframework.kafka.KafkaListenerEndpointContainer#1-0-C-1] org.apache.kafka.clients.consumer.internals.ConsumerCoordinator - [Consumer clientId=consumer-app.1-2, groupId=app.1] Successfully joined group with generation Generation{generationId=21, memberId='consumer-app.1-2-dbd44396-048e-4ff1-8673-4e1ed742b4cd', protocol='range'}
2023-07-10 08:12:21,999 INFO  [org.springframework.kafka.KafkaListenerEndpointContainer#0-0-C-1] org.apache.kafka.clients.Metadata - [Consumer clientId=consumer-app.1-1, groupId=app.1] Resetting the last seen epoch of partition paramEx-0 to 0 since the associated topicId changed from null to kd1fAaPOQbSGd2N7OSN6Nw
2023-07-10 08:12:22,003 INFO  [org.springframework.kafka.KafkaListenerEndpointContainer#0-0-C-1] org.apache.kafka.clients.consumer.internals.ConsumerCoordinator - [Consumer clientId=consumer-app.1-1, groupId=app.1] Finished assignment for group at generation 21: {consumer-app.1-1-234dffc3-da79-492a-acc3-613f133f4a48=Assignment(partitions=[getItem-0]), consumer-app.1-2-dbd44396-048e-4ff1-8673-4e1ed742b4cd=Assignment(partitions=[paramEx-0])}
2023-07-10 08:12:22,104 INFO  [org.springframework.kafka.KafkaListenerEndpointContainer#0-0-C-1] org.apache.kafka.clients.consumer.internals.ConsumerCoordinator - [Consumer clientId=consumer-app.1-1, groupId=app.1] Successfully synced group in generation Generation{generationId=21, memberId='consumer-app.1-1-234dffc3-da79-492a-acc3-613f133f4a48', protocol='range'}
2023-07-10 08:12:22,104 INFO  [org.springframework.kafka.KafkaListenerEndpointContainer#1-0-C-1] org.apache.kafka.clients.consumer.internals.ConsumerCoordinator - [Consumer clientId=consumer-app.1-2, groupId=app.1] Successfully synced group in generation Generation{generationId=21, memberId='consumer-app.1-2-dbd44396-048e-4ff1-8673-4e1ed742b4cd', protocol='range'}
2023-07-10 08:12:22,104 INFO  [org.springframework.kafka.KafkaListenerEndpointContainer#0-0-C-1] org.apache.kafka.clients.consumer.internals.ConsumerCoordinator - [Consumer clientId=consumer-app.1-1, groupId=app.1] Notifying assignor about the new Assignment(partitions=[getItem-0])
2023-07-10 08:12:22,105 INFO  [org.springframework.kafka.KafkaListenerEndpointContainer#1-0-C-1] org.apache.kafka.clients.consumer.internals.ConsumerCoordinator - [Consumer clientId=consumer-app.1-2, groupId=app.1] Notifying assignor about the new Assignment(partitions=[paramEx-0])
2023-07-10 08:12:22,110 INFO  [org.springframework.kafka.KafkaListenerEndpointContainer#1-0-C-1] org.apache.kafka.clients.consumer.internals.ConsumerCoordinator - [Consumer clientId=consumer-app.1-2, groupId=app.1] Adding newly assigned partitions: paramEx-0
2023-07-10 08:12:22,110 INFO  [org.springframework.kafka.KafkaListenerEndpointContainer#0-0-C-1] org.apache.kafka.clients.consumer.internals.ConsumerCoordinator - [Consumer clientId=consumer-app.1-1, groupId=app.1] Adding newly assigned partitions: getItem-0
2023-07-10 08:12:22,151 INFO  [org.springframework.kafka.KafkaListenerEndpointContainer#1-0-C-1] org.apache.kafka.clients.consumer.internals.ConsumerCoordinator - [Consumer clientId=consumer-app.1-2, groupId=app.1] Setting offset for partition paramEx-0 to the committed offset FetchPosition{offset=0, offsetEpoch=Optional.empty, currentLeader=LeaderAndEpoch{leader=Optional[host.docker.internal:9092 (id: 0 rack: null)], epoch=0}}
2023-07-10 08:12:22,152 INFO  [org.springframework.kafka.KafkaListenerEndpointContainer#0-0-C-1] org.apache.kafka.clients.consumer.internals.ConsumerCoordinator - [Consumer clientId=consumer-app.1-1, groupId=app.1] Setting offset for partition getItem-0 to the committed offset FetchPosition{offset=3, offsetEpoch=Optional.empty, currentLeader=LeaderAndEpoch{leader=Optional[host.docker.internal:9092 (id: 0 rack: null)], epoch=0}}
2023-07-10 08:12:22,153 INFO  [org.springframework.kafka.KafkaListenerEndpointContainer#0-0-C-1] org.springframework.kafka.listener.KafkaMessageListenerContainer - app.1: partitions assigned: [getItem-0]
2023-07-10 08:12:22,153 INFO  [org.springframework.kafka.KafkaListenerEndpointContainer#1-0-C-1] org.springframework.kafka.listener.KafkaMessageListenerContainer - app.1: partitions assigned: [paramEx-0]
2023-07-10 08:14:25,290 INFO  [org.springframework.kafka.KafkaListenerEndpointContainer#0-0-C-1] org.apache.kafka.clients.consumer.internals.ConsumerCoordinator - [Consumer clientId=consumer-app.1-1, groupId=app.1] Request joining group due to: group is already rebalancing
2023-07-10 08:14:25,292 INFO  [org.springframework.kafka.KafkaListenerEndpointContainer#0-0-C-1] org.apache.kafka.clients.consumer.internals.ConsumerCoordinator - [Consumer clientId=consumer-app.1-1, groupId=app.1] Revoke previously assigned partitions getItem-0
2023-07-10 08:14:25,292 INFO  [org.springframework.kafka.KafkaListenerEndpointContainer#0-0-C-1] org.springframework.kafka.listener.KafkaMessageListenerContainer - app.1: partitions revoked: [getItem-0]
2023-07-10 08:14:25,293 INFO  [org.springframework.kafka.KafkaListenerEndpointContainer#0-0-C-1] org.apache.kafka.clients.consumer.internals.ConsumerCoordinator - [Consumer clientId=consumer-app.1-1, groupId=app.1] (Re-)joining group
2023-07-10 08:14:25,338 INFO  [org.springframework.kafka.KafkaListenerEndpointContainer#1-0-C-1] org.apache.kafka.clients.consumer.internals.ConsumerCoordinator - [Consumer clientId=consumer-app.1-2, groupId=app.1] Request joining group due to: group is already rebalancing
2023-07-10 08:14:25,339 INFO  [org.springframework.kafka.KafkaListenerEndpointContainer#1-0-C-1] org.apache.kafka.clients.consumer.internals.ConsumerCoordinator - [Consumer clientId=consumer-app.1-2, groupId=app.1] Revoke previously assigned partitions paramEx-0
2023-07-10 08:14:25,339 INFO  [org.springframework.kafka.KafkaListenerEndpointContainer#1-0-C-1] org.springframework.kafka.listener.KafkaMessageListenerContainer - app.1: partitions revoked: [paramEx-0]
2023-07-10 08:14:25,339 INFO  [org.springframework.kafka.KafkaListenerEndpointContainer#1-0-C-1] org.apache.kafka.clients.consumer.internals.ConsumerCoordinator - [Consumer clientId=consumer-app.1-2, groupId=app.1] (Re-)joining group
2023-07-10 08:14:25,342 INFO  [org.springframework.kafka.KafkaListenerEndpointContainer#0-0-C-1] org.apache.kafka.clients.consumer.internals.ConsumerCoordinator - [Consumer clientId=consumer-app.1-1, groupId=app.1] Successfully joined group with generation Generation{generationId=22, memberId='consumer-app.1-1-234dffc3-da79-492a-acc3-613f133f4a48', protocol='range'}
2023-07-10 08:14:25,344 INFO  [org.springframework.kafka.KafkaListenerEndpointContainer#1-0-C-1] org.apache.kafka.clients.consumer.internals.ConsumerCoordinator - [Consumer clientId=consumer-app.1-2, groupId=app.1] Successfully joined group with generation Generation{generationId=22, memberId='consumer-app.1-2-dbd44396-048e-4ff1-8673-4e1ed742b4cd', protocol='range'}
2023-07-10 08:14:25,744 INFO  [org.springframework.kafka.KafkaListenerEndpointContainer#0-0-C-1] org.apache.kafka.clients.Metadata - [Consumer clientId=consumer-app.1-1, groupId=app.1] Resetting the last seen epoch of partition informationTool-0 to 0 since the associated topicId changed from null to vUxIZn2rTK67g7IWZju64A
2023-07-10 08:14:25,745 INFO  [org.springframework.kafka.KafkaListenerEndpointContainer#0-0-C-1] org.apache.kafka.clients.Metadata - [Consumer clientId=consumer-app.1-1, groupId=app.1] Resetting the last seen epoch of partition positionInstrument-0 to 0 since the associated topicId changed from null to hXQMoGgkSMWdlKkOMIM9YA
2023-07-10 08:14:25,745 INFO  [org.springframework.kafka.KafkaListenerEndpointContainer#0-0-C-1] org.apache.kafka.clients.consumer.internals.ConsumerCoordinator - [Consumer clientId=consumer-app.1-1, groupId=app.1] Finished assignment for group at generation 22: {consumer-app.1-1-234dffc3-da79-492a-acc3-613f133f4a48=Assignment(partitions=[getItem-0]), consumer-app.1-2-dbd44396-048e-4ff1-8673-4e1ed742b4cd=Assignment(partitions=[paramEx-0]), consumer-app.1-1-234982cb-fdb2-44a7-b150-41de29bee265=Assignment(partitions=[positionInstrument-0]), consumer-app.1-2-7455e9f2-b5cc-4493-945f-de4b71c69e9e=Assignment(partitions=[informationTool-0])}
2023-07-10 08:14:25,749 INFO  [org.springframework.kafka.KafkaListenerEndpointContainer#1-0-C-1] org.apache.kafka.clients.consumer.internals.ConsumerCoordinator - [Consumer clientId=consumer-app.1-2, groupId=app.1] Successfully synced group in generation Generation{generationId=22, memberId='consumer-app.1-2-dbd44396-048e-4ff1-8673-4e1ed742b4cd', protocol='range'}
2023-07-10 08:14:25,750 INFO  [org.springframework.kafka.KafkaListenerEndpointContainer#1-0-C-1] org.apache.kafka.clients.consumer.internals.ConsumerCoordinator - [Consumer clientId=consumer-app.1-2, groupId=app.1] Notifying assignor about the new Assignment(partitions=[paramEx-0])
2023-07-10 08:14:25,750 INFO  [org.springframework.kafka.KafkaListenerEndpointContainer#1-0-C-1] org.apache.kafka.clients.consumer.internals.ConsumerCoordinator - [Consumer clientId=consumer-app.1-2, groupId=app.1] Adding newly assigned partitions: paramEx-0
2023-07-10 08:14:25,750 INFO  [org.springframework.kafka.KafkaListenerEndpointContainer#0-0-C-1] org.apache.kafka.clients.consumer.internals.ConsumerCoordinator - [Consumer clientId=consumer-app.1-1, groupId=app.1] Successfully synced group in generation Generation{generationId=22, memberId='consumer-app.1-1-234dffc3-da79-492a-acc3-613f133f4a48', protocol='range'}
2023-07-10 08:14:25,751 INFO  [org.springframework.kafka.KafkaListenerEndpointContainer#0-0-C-1] org.apache.kafka.clients.consumer.internals.ConsumerCoordinator - [Consumer clientId=consumer-app.1-1, groupId=app.1] Notifying assignor about the new Assignment(partitions=[getItem-0])
2023-07-10 08:14:25,751 INFO  [org.springframework.kafka.KafkaListenerEndpointContainer#0-0-C-1] org.apache.kafka.clients.consumer.internals.ConsumerCoordinator - [Consumer clientId=consumer-app.1-1, groupId=app.1] Adding newly assigned partitions: getItem-0
2023-07-10 08:14:25,753 INFO  [org.springframework.kafka.KafkaListenerEndpointContainer#1-0-C-1] org.apache.kafka.clients.consumer.internals.ConsumerCoordinator - [Consumer clientId=consumer-app.1-2, groupId=app.1] Setting offset for partition paramEx-0 to the committed offset FetchPosition{offset=0, offsetEpoch=Optional.empty, currentLeader=LeaderAndEpoch{leader=Optional[host.docker.internal:9092 (id: 0 rack: null)], epoch=0}}
2023-07-10 08:14:25,753 INFO  [org.springframework.kafka.KafkaListenerEndpointContainer#1-0-C-1] org.springframework.kafka.listener.KafkaMessageListenerContainer - app.1: partitions assigned: [paramEx-0]
2023-07-10 08:14:25,754 INFO  [org.springframework.kafka.KafkaListenerEndpointContainer#0-0-C-1] org.apache.kafka.clients.consumer.internals.ConsumerCoordinator - [Consumer clientId=consumer-app.1-1, groupId=app.1] Setting offset for partition getItem-0 to the committed offset FetchPosition{offset=3, offsetEpoch=Optional.empty, currentLeader=LeaderAndEpoch{leader=Optional[host.docker.internal:9092 (id: 0 rack: null)], epoch=0}}
2023-07-10 08:14:25,754 INFO  [org.springframework.kafka.KafkaListenerEndpointContainer#0-0-C-1] org.springframework.kafka.listener.KafkaMessageListenerContainer - app.1: partitions assigned: [getItem-0]
2023-07-10 08:21:21,985 INFO  [org.springframework.kafka.KafkaListenerEndpointContainer#1-0-C-1] org.apache.kafka.clients.NetworkClient - [Consumer clientId=consumer-app.1-2, groupId=app.1] Node -1 disconnected.
2023-07-10 08:21:21,985 INFO  [org.springframework.kafka.KafkaListenerEndpointContainer#0-0-C-1] org.apache.kafka.clients.NetworkClient - [Consumer clientId=consumer-app.1-1, groupId=app.1] Node -1 disconnected.
2023-07-10 08:22:32,576 INFO  [org.springframework.kafka.KafkaListenerEndpointContainer#1-0-C-1] org.apache.kafka.clients.consumer.internals.ConsumerCoordinator - [Consumer clientId=consumer-app.1-2, groupId=app.1] Request joining group due to: group is already rebalancing
2023-07-10 08:22:32,576 INFO  [org.springframework.kafka.KafkaListenerEndpointContainer#1-0-C-1] org.apache.kafka.clients.consumer.internals.ConsumerCoordinator - [Consumer clientId=consumer-app.1-2, groupId=app.1] Revoke previously assigned partitions paramEx-0
2023-07-10 08:22:32,576 INFO  [org.springframework.kafka.KafkaListenerEndpointContainer#0-0-C-1] org.apache.kafka.clients.consumer.internals.ConsumerCoordinator - [Consumer clientId=consumer-app.1-1, groupId=app.1] Request joining group due to: group is already rebalancing
2023-07-10 08:22:32,576 INFO  [org.springframework.kafka.KafkaListenerEndpointContainer#1-0-C-1] org.springframework.kafka.listener.KafkaMessageListenerContainer - app.1: partitions revoked: [paramEx-0]
2023-07-10 08:22:32,577 INFO  [org.springframework.kafka.KafkaListenerEndpointContainer#0-0-C-1] org.apache.kafka.clients.consumer.internals.ConsumerCoordinator - [Consumer clientId=consumer-app.1-1, groupId=app.1] Revoke previously assigned partitions getItem-0
2023-07-10 08:22:32,577 INFO  [org.springframework.kafka.KafkaListenerEndpointContainer#1-0-C-1] org.apache.kafka.clients.consumer.internals.ConsumerCoordinator - [Consumer clientId=consumer-app.1-2, groupId=app.1] (Re-)joining group
2023-07-10 08:22:32,577 INFO  [org.springframework.kafka.KafkaListenerEndpointContainer#0-0-C-1] org.springframework.kafka.listener.KafkaMessageListenerContainer - app.1: partitions revoked: [getItem-0]
2023-07-10 08:22:32,577 INFO  [org.springframework.kafka.KafkaListenerEndpointContainer#0-0-C-1] org.apache.kafka.clients.consumer.internals.ConsumerCoordinator - [Consumer clientId=consumer-app.1-1, groupId=app.1] (Re-)joining group
2023-07-10 08:22:32,579 INFO  [org.springframework.kafka.KafkaListenerEndpointContainer#1-0-C-1] org.apache.kafka.clients.consumer.internals.ConsumerCoordinator - [Consumer clientId=consumer-app.1-2, groupId=app.1] Successfully joined group with generation Generation{generationId=23, memberId='consumer-app.1-2-dbd44396-048e-4ff1-8673-4e1ed742b4cd', protocol='range'}
2023-07-10 08:22:32,579 INFO  [org.springframework.kafka.KafkaListenerEndpointContainer#0-0-C-1] org.apache.kafka.clients.consumer.internals.ConsumerCoordinator - [Consumer clientId=consumer-app.1-1, groupId=app.1] Successfully joined group with generation Generation{generationId=23, memberId='consumer-app.1-1-234dffc3-da79-492a-acc3-613f133f4a48', protocol='range'}
2023-07-10 08:22:32,971 INFO  [org.springframework.kafka.KafkaListenerEndpointContainer#0-0-C-1] org.apache.kafka.clients.consumer.internals.ConsumerCoordinator - [Consumer clientId=consumer-app.1-1, groupId=app.1] Finished assignment for group at generation 23: {consumer-app.1-1-234dffc3-da79-492a-acc3-613f133f4a48=Assignment(partitions=[getItem-0]), consumer-app.1-2-dbd44396-048e-4ff1-8673-4e1ed742b4cd=Assignment(partitions=[paramEx-0])}
2023-07-10 08:22:32,977 INFO  [org.springframework.kafka.KafkaListenerEndpointContainer#1-0-C-1] org.apache.kafka.clients.consumer.internals.ConsumerCoordinator - [Consumer clientId=consumer-app.1-2, groupId=app.1] Successfully synced group in generation Generation{generationId=23, memberId='consumer-app.1-2-dbd44396-048e-4ff1-8673-4e1ed742b4cd', protocol='range'}
2023-07-10 08:22:32,977 INFO  [org.springframework.kafka.KafkaListenerEndpointContainer#0-0-C-1] org.apache.kafka.clients.consumer.internals.ConsumerCoordinator - [Consumer clientId=consumer-app.1-1, groupId=app.1] Successfully synced group in generation Generation{generationId=23, memberId='consumer-app.1-1-234dffc3-da79-492a-acc3-613f133f4a48', protocol='range'}
2023-07-10 08:22:32,977 INFO  [org.springframework.kafka.KafkaListenerEndpointContainer#1-0-C-1] org.apache.kafka.clients.consumer.internals.ConsumerCoordinator - [Consumer clientId=consumer-app.1-2, groupId=app.1] Notifying assignor about the new Assignment(partitions=[paramEx-0])
2023-07-10 08:22:32,977 INFO  [org.springframework.kafka.KafkaListenerEndpointContainer#0-0-C-1] org.apache.kafka.clients.consumer.internals.ConsumerCoordinator - [Consumer clientId=consumer-app.1-1, groupId=app.1] Notifying assignor about the new Assignment(partitions=[getItem-0])
2023-07-10 08:22:32,977 INFO  [org.springframework.kafka.KafkaListenerEndpointContainer#1-0-C-1] org.apache.kafka.clients.consumer.internals.ConsumerCoordinator - [Consumer clientId=consumer-app.1-2, groupId=app.1] Adding newly assigned partitions: paramEx-0
2023-07-10 08:22:32,977 INFO  [org.springframework.kafka.KafkaListenerEndpointContainer#0-0-C-1] org.apache.kafka.clients.consumer.internals.ConsumerCoordinator - [Consumer clientId=consumer-app.1-1, groupId=app.1] Adding newly assigned partitions: getItem-0
2023-07-10 08:22:32,980 INFO  [org.springframework.kafka.KafkaListenerEndpointContainer#1-0-C-1] org.apache.kafka.clients.consumer.internals.ConsumerCoordinator - [Consumer clientId=consumer-app.1-2, groupId=app.1] Setting offset for partition paramEx-0 to the committed offset FetchPosition{offset=0, offsetEpoch=Optional.empty, currentLeader=LeaderAndEpoch{leader=Optional[host.docker.internal:9092 (id: 0 rack: null)], epoch=0}}
2023-07-10 08:22:32,980 INFO  [org.springframework.kafka.KafkaListenerEndpointContainer#0-0-C-1] org.apache.kafka.clients.consumer.internals.ConsumerCoordinator - [Consumer clientId=consumer-app.1-1, groupId=app.1] Setting offset for partition getItem-0 to the committed offset FetchPosition{offset=3, offsetEpoch=Optional.empty, currentLeader=LeaderAndEpoch{leader=Optional[host.docker.internal:9092 (id: 0 rack: null)], epoch=0}}
2023-07-10 08:22:32,981 INFO  [org.springframework.kafka.KafkaListenerEndpointContainer#1-0-C-1] org.springframework.kafka.listener.KafkaMessageListenerContainer - app.1: partitions assigned: [paramEx-0]
2023-07-10 08:22:32,981 INFO  [org.springframework.kafka.KafkaListenerEndpointContainer#0-0-C-1] org.springframework.kafka.listener.KafkaMessageListenerContainer - app.1: partitions assigned: [getItem-0]
2023-07-10 08:24:17,899 INFO  [org.springframework.kafka.KafkaListenerEndpointContainer#0-0-C-1] org.apache.kafka.clients.consumer.internals.ConsumerCoordinator - [Consumer clientId=consumer-app.1-1, groupId=app.1] Request joining group due to: group is already rebalancing
2023-07-10 08:24:17,899 INFO  [org.springframework.kafka.KafkaListenerEndpointContainer#1-0-C-1] org.apache.kafka.clients.consumer.internals.ConsumerCoordinator - [Consumer clientId=consumer-app.1-2, groupId=app.1] Request joining group due to: group is already rebalancing
2023-07-10 08:24:17,899 INFO  [org.springframework.kafka.KafkaListenerEndpointContainer#0-0-C-1] org.apache.kafka.clients.consumer.internals.ConsumerCoordinator - [Consumer clientId=consumer-app.1-1, groupId=app.1] Revoke previously assigned partitions getItem-0
2023-07-10 08:24:17,899 INFO  [org.springframework.kafka.KafkaListenerEndpointContainer#1-0-C-1] org.apache.kafka.clients.consumer.internals.ConsumerCoordinator - [Consumer clientId=consumer-app.1-2, groupId=app.1] Revoke previously assigned partitions paramEx-0
2023-07-10 08:24:17,899 INFO  [org.springframework.kafka.KafkaListenerEndpointContainer#0-0-C-1] org.springframework.kafka.listener.KafkaMessageListenerContainer - app.1: partitions revoked: [getItem-0]
2023-07-10 08:24:17,899 INFO  [org.springframework.kafka.KafkaListenerEndpointContainer#1-0-C-1] org.springframework.kafka.listener.KafkaMessageListenerContainer - app.1: partitions revoked: [paramEx-0]
2023-07-10 08:24:17,900 INFO  [org.springframework.kafka.KafkaListenerEndpointContainer#0-0-C-1] org.apache.kafka.clients.consumer.internals.ConsumerCoordinator - [Consumer clientId=consumer-app.1-1, groupId=app.1] (Re-)joining group
2023-07-10 08:24:17,900 INFO  [org.springframework.kafka.KafkaListenerEndpointContainer#1-0-C-1] org.apache.kafka.clients.consumer.internals.ConsumerCoordinator - [Consumer clientId=consumer-app.1-2, groupId=app.1] (Re-)joining group
2023-07-10 08:24:17,902 INFO  [org.springframework.kafka.KafkaListenerEndpointContainer#0-0-C-1] org.apache.kafka.clients.consumer.internals.ConsumerCoordinator - [Consumer clientId=consumer-app.1-1, groupId=app.1] Successfully joined group with generation Generation{generationId=24, memberId='consumer-app.1-1-234dffc3-da79-492a-acc3-613f133f4a48', protocol='range'}
2023-07-10 08:24:17,902 INFO  [org.springframework.kafka.KafkaListenerEndpointContainer#1-0-C-1] org.apache.kafka.clients.consumer.internals.ConsumerCoordinator - [Consumer clientId=consumer-app.1-2, groupId=app.1] Successfully joined group with generation Generation{generationId=24, memberId='consumer-app.1-2-dbd44396-048e-4ff1-8673-4e1ed742b4cd', protocol='range'}
2023-07-10 08:24:18,227 INFO  [org.springframework.kafka.KafkaListenerEndpointContainer#0-0-C-1] org.apache.kafka.clients.Metadata - [Consumer clientId=consumer-app.1-1, groupId=app.1] Resetting the last seen epoch of partition informationTool-0 to 0 since the associated topicId changed from null to vUxIZn2rTK67g7IWZju64A
2023-07-10 08:24:18,227 INFO  [org.springframework.kafka.KafkaListenerEndpointContainer#0-0-C-1] org.apache.kafka.clients.Metadata - [Consumer clientId=consumer-app.1-1, groupId=app.1] Resetting the last seen epoch of partition positionInstrument-0 to 0 since the associated topicId changed from null to hXQMoGgkSMWdlKkOMIM9YA
2023-07-10 08:24:18,227 INFO  [org.springframework.kafka.KafkaListenerEndpointContainer#0-0-C-1] org.apache.kafka.clients.consumer.internals.ConsumerCoordinator - [Consumer clientId=consumer-app.1-1, groupId=app.1] Finished assignment for group at generation 24: {consumer-app.1-1-234dffc3-da79-492a-acc3-613f133f4a48=Assignment(partitions=[getItem-0]), consumer-app.1-2-dbd44396-048e-4ff1-8673-4e1ed742b4cd=Assignment(partitions=[paramEx-0]), consumer-app.1-1-9c5a7329-d65a-44cb-a3f4-9dea6e3dcabd=Assignment(partitions=[positionInstrument-0]), consumer-app.1-2-3429cae4-ebdf-4fba-a13f-edb702a34d90=Assignment(partitions=[informationTool-0])}
2023-07-10 08:24:18,230 INFO  [org.springframework.kafka.KafkaListenerEndpointContainer#1-0-C-1] org.apache.kafka.clients.consumer.internals.ConsumerCoordinator - [Consumer clientId=consumer-app.1-2, groupId=app.1] Successfully synced group in generation Generation{generationId=24, memberId='consumer-app.1-2-dbd44396-048e-4ff1-8673-4e1ed742b4cd', protocol='range'}
2023-07-10 08:24:18,230 INFO  [org.springframework.kafka.KafkaListenerEndpointContainer#0-0-C-1] org.apache.kafka.clients.consumer.internals.ConsumerCoordinator - [Consumer clientId=consumer-app.1-1, groupId=app.1] Successfully synced group in generation Generation{generationId=24, memberId='consumer-app.1-1-234dffc3-da79-492a-acc3-613f133f4a48', protocol='range'}
2023-07-10 08:24:18,230 INFO  [org.springframework.kafka.KafkaListenerEndpointContainer#1-0-C-1] org.apache.kafka.clients.consumer.internals.ConsumerCoordinator - [Consumer clientId=consumer-app.1-2, groupId=app.1] Notifying assignor about the new Assignment(partitions=[paramEx-0])
2023-07-10 08:24:18,230 INFO  [org.springframework.kafka.KafkaListenerEndpointContainer#1-0-C-1] org.apache.kafka.clients.consumer.internals.ConsumerCoordinator - [Consumer clientId=consumer-app.1-2, groupId=app.1] Adding newly assigned partitions: paramEx-0
2023-07-10 08:24:18,230 INFO  [org.springframework.kafka.KafkaListenerEndpointContainer#0-0-C-1] org.apache.kafka.clients.consumer.internals.ConsumerCoordinator - [Consumer clientId=consumer-app.1-1, groupId=app.1] Notifying assignor about the new Assignment(partitions=[getItem-0])
2023-07-10 08:24:18,231 INFO  [org.springframework.kafka.KafkaListenerEndpointContainer#0-0-C-1] org.apache.kafka.clients.consumer.internals.ConsumerCoordinator - [Consumer clientId=consumer-app.1-1, groupId=app.1] Adding newly assigned partitions: getItem-0
2023-07-10 08:24:18,232 INFO  [org.springframework.kafka.KafkaListenerEndpointContainer#1-0-C-1] org.apache.kafka.clients.consumer.internals.ConsumerCoordinator - [Consumer clientId=consumer-app.1-2, groupId=app.1] Setting offset for partition paramEx-0 to the committed offset FetchPosition{offset=0, offsetEpoch=Optional.empty, currentLeader=LeaderAndEpoch{leader=Optional[host.docker.internal:9092 (id: 0 rack: null)], epoch=0}}
2023-07-10 08:24:18,233 INFO  [org.springframework.kafka.KafkaListenerEndpointContainer#1-0-C-1] org.springframework.kafka.listener.KafkaMessageListenerContainer - app.1: partitions assigned: [paramEx-0]
2023-07-10 08:24:18,233 INFO  [org.springframework.kafka.KafkaListenerEndpointContainer#0-0-C-1] org.apache.kafka.clients.consumer.internals.ConsumerCoordinator - [Consumer clientId=consumer-app.1-1, groupId=app.1] Setting offset for partition getItem-0 to the committed offset FetchPosition{offset=3, offsetEpoch=Optional.empty, currentLeader=LeaderAndEpoch{leader=Optional[host.docker.internal:9092 (id: 0 rack: null)], epoch=0}}
2023-07-10 08:24:18,233 INFO  [org.springframework.kafka.KafkaListenerEndpointContainer#0-0-C-1] org.springframework.kafka.listener.KafkaMessageListenerContainer - app.1: partitions assigned: [getItem-0]
2023-07-10 08:24:38,690 INFO  [org.springframework.kafka.KafkaListenerEndpointContainer#0-0-C-1] com.enfernuz.quik.lua.rpc.consumer.ConsumerRpc - consumeParam message {"clientCode":"10334","account":"NL0011100043"}
2023-07-10 08:24:38,691 INFO  [org.springframework.kafka.KafkaListenerEndpointContainer#0-0-C-1] com.enfernuz.quik.lua.rpc.consumer.ConsumerRpc - consumeParam message informationAccountResponse InformationAccountResponse(clientCode=10334, account=NL0011100043)
2023-07-10 08:24:39,217 INFO  [org.springframework.kafka.KafkaListenerEndpointContainer#0-0-C-1] org.apache.kafka.clients.producer.ProducerConfig - ProducerConfig values: 
	acks = -1
	batch.size = 16384
	bootstrap.servers = [localhost:9092]
	buffer.memory = 33554432
	client.dns.lookup = use_all_dns_ips
	client.id = producer-1
	compression.type = none
	connections.max.idle.ms = 540000
	delivery.timeout.ms = 120000
	enable.idempotence = true
	interceptor.classes = []
	key.serializer = class org.apache.kafka.common.serialization.LongSerializer
	linger.ms = 0
	max.block.ms = 60000
	max.in.flight.requests.per.connection = 5
	max.request.size = 1048576
	metadata.max.age.ms = 300000
	metadata.max.idle.ms = 300000
	metric.reporters = []
	metrics.num.samples = 2
	metrics.recording.level = INFO
	metrics.sample.window.ms = 30000
	partitioner.class = class org.apache.kafka.clients.producer.internals.DefaultPartitioner
	receive.buffer.bytes = 32768
	reconnect.backoff.max.ms = 1000
	reconnect.backoff.ms = 50
	request.timeout.ms = 30000
	retries = 2147483647
	retry.backoff.ms = 100
	sasl.client.callback.handler.class = null
	sasl.jaas.config = null
	sasl.kerberos.kinit.cmd = /usr/bin/kinit
	sasl.kerberos.min.time.before.relogin = 60000
	sasl.kerberos.service.name = null
	sasl.kerberos.ticket.renew.jitter = 0.05
	sasl.kerberos.ticket.renew.window.factor = 0.8
	sasl.login.callback.handler.class = null
	sasl.login.class = null
	sasl.login.connect.timeout.ms = null
	sasl.login.read.timeout.ms = null
	sasl.login.refresh.buffer.seconds = 300
	sasl.login.refresh.min.period.seconds = 60
	sasl.login.refresh.window.factor = 0.8
	sasl.login.refresh.window.jitter = 0.05
	sasl.login.retry.backoff.max.ms = 10000
	sasl.login.retry.backoff.ms = 100
	sasl.mechanism = GSSAPI
	sasl.oauthbearer.clock.skew.seconds = 30
	sasl.oauthbearer.expected.audience = null
	sasl.oauthbearer.expected.issuer = null
	sasl.oauthbearer.jwks.endpoint.refresh.ms = 3600000
	sasl.oauthbearer.jwks.endpoint.retry.backoff.max.ms = 10000
	sasl.oauthbearer.jwks.endpoint.retry.backoff.ms = 100
	sasl.oauthbearer.jwks.endpoint.url = null
	sasl.oauthbearer.scope.claim.name = scope
	sasl.oauthbearer.sub.claim.name = sub
	sasl.oauthbearer.token.endpoint.url = null
	security.protocol = PLAINTEXT
	security.providers = null
	send.buffer.bytes = 131072
	socket.connection.setup.timeout.max.ms = 30000
	socket.connection.setup.timeout.ms = 10000
	ssl.cipher.suites = null
	ssl.enabled.protocols = [TLSv1.2, TLSv1.3]
	ssl.endpoint.identification.algorithm = https
	ssl.engine.factory.class = null
	ssl.key.password = null
	ssl.keymanager.algorithm = SunX509
	ssl.keystore.certificate.chain = null
	ssl.keystore.key = null
	ssl.keystore.location = null
	ssl.keystore.password = null
	ssl.keystore.type = JKS
	ssl.protocol = TLSv1.3
	ssl.provider = null
	ssl.secure.random.implementation = null
	ssl.trustmanager.algorithm = PKIX
	ssl.truststore.certificates = null
	ssl.truststore.location = null
	ssl.truststore.password = null
	ssl.truststore.type = JKS
	transaction.timeout.ms = 60000
	transactional.id = null
	value.serializer = class org.apache.kafka.common.serialization.StringSerializer

2023-07-10 08:24:39,229 INFO  [org.springframework.kafka.KafkaListenerEndpointContainer#0-0-C-1] org.apache.kafka.clients.producer.KafkaProducer - [Producer clientId=producer-1] Instantiated an idempotent producer.
2023-07-10 08:24:39,246 INFO  [org.springframework.kafka.KafkaListenerEndpointContainer#0-0-C-1] org.apache.kafka.common.utils.AppInfoParser - Kafka version: 3.1.2
2023-07-10 08:24:39,246 INFO  [org.springframework.kafka.KafkaListenerEndpointContainer#0-0-C-1] org.apache.kafka.common.utils.AppInfoParser - Kafka commitId: f8c67dc3ae0a3265
2023-07-10 08:24:39,247 INFO  [org.springframework.kafka.KafkaListenerEndpointContainer#0-0-C-1] org.apache.kafka.common.utils.AppInfoParser - Kafka startTimeMs: 1688966679246
2023-07-10 08:24:39,256 INFO  [kafka-producer-network-thread | producer-1] org.apache.kafka.clients.Metadata - [Producer clientId=producer-1] Resetting the last seen epoch of partition positionInstrument-0 to 0 since the associated topicId changed from null to hXQMoGgkSMWdlKkOMIM9YA
2023-07-10 08:24:39,257 INFO  [kafka-producer-network-thread | producer-1] org.apache.kafka.clients.Metadata - [Producer clientId=producer-1] Cluster ID: c71Mx4QuSkmvX7RXN3jkng
2023-07-10 08:24:39,258 INFO  [kafka-producer-network-thread | producer-1] org.apache.kafka.clients.producer.internals.TransactionManager - [Producer clientId=producer-1] ProducerId set to 16001 with epoch 0
2023-07-10 08:25:15,060 INFO  [org.springframework.kafka.KafkaListenerEndpointContainer#1-0-C-1] org.apache.kafka.clients.consumer.internals.ConsumerCoordinator - [Consumer clientId=consumer-app.1-2, groupId=app.1] Request joining group due to: group is already rebalancing
2023-07-10 08:25:15,061 INFO  [org.springframework.kafka.KafkaListenerEndpointContainer#1-0-C-1] org.apache.kafka.clients.consumer.internals.ConsumerCoordinator - [Consumer clientId=consumer-app.1-2, groupId=app.1] Revoke previously assigned partitions paramEx-0
2023-07-10 08:25:15,061 INFO  [org.springframework.kafka.KafkaListenerEndpointContainer#1-0-C-1] org.springframework.kafka.listener.KafkaMessageListenerContainer - app.1: partitions revoked: [paramEx-0]
2023-07-10 08:25:15,061 INFO  [org.springframework.kafka.KafkaListenerEndpointContainer#1-0-C-1] org.apache.kafka.clients.consumer.internals.ConsumerCoordinator - [Consumer clientId=consumer-app.1-2, groupId=app.1] (Re-)joining group
2023-07-10 08:25:15,114 INFO  [org.springframework.kafka.KafkaListenerEndpointContainer#0-0-C-1] org.apache.kafka.clients.consumer.internals.ConsumerCoordinator - [Consumer clientId=consumer-app.1-1, groupId=app.1] Request joining group due to: group is already rebalancing
2023-07-10 08:25:15,114 INFO  [org.springframework.kafka.KafkaListenerEndpointContainer#0-0-C-1] org.apache.kafka.clients.consumer.internals.ConsumerCoordinator - [Consumer clientId=consumer-app.1-1, groupId=app.1] Revoke previously assigned partitions getItem-0
2023-07-10 08:25:15,114 INFO  [org.springframework.kafka.KafkaListenerEndpointContainer#0-0-C-1] org.springframework.kafka.listener.KafkaMessageListenerContainer - app.1: partitions revoked: [getItem-0]
2023-07-10 08:25:15,115 INFO  [org.springframework.kafka.KafkaListenerEndpointContainer#0-0-C-1] org.apache.kafka.clients.consumer.internals.ConsumerCoordinator - [Consumer clientId=consumer-app.1-1, groupId=app.1] (Re-)joining group
2023-07-10 08:25:15,134 INFO  [org.springframework.kafka.KafkaListenerEndpointContainer#1-0-C-1] org.apache.kafka.clients.consumer.internals.ConsumerCoordinator - [Consumer clientId=consumer-app.1-2, groupId=app.1] Successfully joined group with generation Generation{generationId=25, memberId='consumer-app.1-2-dbd44396-048e-4ff1-8673-4e1ed742b4cd', protocol='range'}
2023-07-10 08:25:15,134 INFO  [org.springframework.kafka.KafkaListenerEndpointContainer#0-0-C-1] org.apache.kafka.clients.consumer.internals.ConsumerCoordinator - [Consumer clientId=consumer-app.1-1, groupId=app.1] Successfully joined group with generation Generation{generationId=25, memberId='consumer-app.1-1-234dffc3-da79-492a-acc3-613f133f4a48', protocol='range'}
2023-07-10 08:25:15,575 INFO  [org.springframework.kafka.KafkaListenerEndpointContainer#0-0-C-1] org.apache.kafka.clients.consumer.internals.ConsumerCoordinator - [Consumer clientId=consumer-app.1-1, groupId=app.1] Finished assignment for group at generation 25: {consumer-app.1-1-234dffc3-da79-492a-acc3-613f133f4a48=Assignment(partitions=[getItem-0]), consumer-app.1-2-dbd44396-048e-4ff1-8673-4e1ed742b4cd=Assignment(partitions=[paramEx-0])}
2023-07-10 08:25:15,577 INFO  [org.springframework.kafka.KafkaListenerEndpointContainer#1-0-C-1] org.apache.kafka.clients.consumer.internals.ConsumerCoordinator - [Consumer clientId=consumer-app.1-2, groupId=app.1] Successfully synced group in generation Generation{generationId=25, memberId='consumer-app.1-2-dbd44396-048e-4ff1-8673-4e1ed742b4cd', protocol='range'}
2023-07-10 08:25:15,577 INFO  [org.springframework.kafka.KafkaListenerEndpointContainer#0-0-C-1] org.apache.kafka.clients.consumer.internals.ConsumerCoordinator - [Consumer clientId=consumer-app.1-1, groupId=app.1] Successfully synced group in generation Generation{generationId=25, memberId='consumer-app.1-1-234dffc3-da79-492a-acc3-613f133f4a48', protocol='range'}
2023-07-10 08:25:15,578 INFO  [org.springframework.kafka.KafkaListenerEndpointContainer#1-0-C-1] org.apache.kafka.clients.consumer.internals.ConsumerCoordinator - [Consumer clientId=consumer-app.1-2, groupId=app.1] Notifying assignor about the new Assignment(partitions=[paramEx-0])
2023-07-10 08:25:15,578 INFO  [org.springframework.kafka.KafkaListenerEndpointContainer#0-0-C-1] org.apache.kafka.clients.consumer.internals.ConsumerCoordinator - [Consumer clientId=consumer-app.1-1, groupId=app.1] Notifying assignor about the new Assignment(partitions=[getItem-0])
2023-07-10 08:25:15,578 INFO  [org.springframework.kafka.KafkaListenerEndpointContainer#1-0-C-1] org.apache.kafka.clients.consumer.internals.ConsumerCoordinator - [Consumer clientId=consumer-app.1-2, groupId=app.1] Adding newly assigned partitions: paramEx-0
2023-07-10 08:25:15,578 INFO  [org.springframework.kafka.KafkaListenerEndpointContainer#0-0-C-1] org.apache.kafka.clients.consumer.internals.ConsumerCoordinator - [Consumer clientId=consumer-app.1-1, groupId=app.1] Adding newly assigned partitions: getItem-0
2023-07-10 08:25:15,580 INFO  [org.springframework.kafka.KafkaListenerEndpointContainer#0-0-C-1] org.apache.kafka.clients.consumer.internals.ConsumerCoordinator - [Consumer clientId=consumer-app.1-1, groupId=app.1] Setting offset for partition getItem-0 to the committed offset FetchPosition{offset=4, offsetEpoch=Optional.empty, currentLeader=LeaderAndEpoch{leader=Optional[host.docker.internal:9092 (id: 0 rack: null)], epoch=0}}
2023-07-10 08:25:15,580 INFO  [org.springframework.kafka.KafkaListenerEndpointContainer#1-0-C-1] org.apache.kafka.clients.consumer.internals.ConsumerCoordinator - [Consumer clientId=consumer-app.1-2, groupId=app.1] Setting offset for partition paramEx-0 to the committed offset FetchPosition{offset=0, offsetEpoch=Optional.empty, currentLeader=LeaderAndEpoch{leader=Optional[host.docker.internal:9092 (id: 0 rack: null)], epoch=0}}
2023-07-10 08:25:15,581 INFO  [org.springframework.kafka.KafkaListenerEndpointContainer#0-0-C-1] org.springframework.kafka.listener.KafkaMessageListenerContainer - app.1: partitions assigned: [getItem-0]
2023-07-10 08:25:15,581 INFO  [org.springframework.kafka.KafkaListenerEndpointContainer#1-0-C-1] org.springframework.kafka.listener.KafkaMessageListenerContainer - app.1: partitions assigned: [paramEx-0]
2023-07-10 08:25:30,169 INFO  [org.springframework.kafka.KafkaListenerEndpointContainer#0-0-C-1] org.apache.kafka.clients.consumer.internals.ConsumerCoordinator - [Consumer clientId=consumer-app.1-1, groupId=app.1] Request joining group due to: group is already rebalancing
2023-07-10 08:25:30,170 INFO  [org.springframework.kafka.KafkaListenerEndpointContainer#0-0-C-1] org.apache.kafka.clients.consumer.internals.ConsumerCoordinator - [Consumer clientId=consumer-app.1-1, groupId=app.1] Revoke previously assigned partitions getItem-0
2023-07-10 08:25:30,171 INFO  [org.springframework.kafka.KafkaListenerEndpointContainer#0-0-C-1] org.springframework.kafka.listener.KafkaMessageListenerContainer - app.1: partitions revoked: [getItem-0]
2023-07-10 08:25:30,171 INFO  [org.springframework.kafka.KafkaListenerEndpointContainer#0-0-C-1] org.apache.kafka.clients.consumer.internals.ConsumerCoordinator - [Consumer clientId=consumer-app.1-1, groupId=app.1] (Re-)joining group
2023-07-10 08:25:30,176 INFO  [kafka-coordinator-heartbeat-thread | app.1] org.apache.kafka.clients.consumer.internals.ConsumerCoordinator - [Consumer clientId=consumer-app.1-2, groupId=app.1] Request joining group due to: group is already rebalancing
2023-07-10 08:25:30,177 INFO  [org.springframework.kafka.KafkaListenerEndpointContainer#1-0-C-1] org.apache.kafka.clients.consumer.internals.ConsumerCoordinator - [Consumer clientId=consumer-app.1-2, groupId=app.1] Revoke previously assigned partitions paramEx-0
2023-07-10 08:25:30,177 INFO  [org.springframework.kafka.KafkaListenerEndpointContainer#1-0-C-1] org.springframework.kafka.listener.KafkaMessageListenerContainer - app.1: partitions revoked: [paramEx-0]
2023-07-10 08:25:30,178 INFO  [org.springframework.kafka.KafkaListenerEndpointContainer#1-0-C-1] org.apache.kafka.clients.consumer.internals.ConsumerCoordinator - [Consumer clientId=consumer-app.1-2, groupId=app.1] (Re-)joining group
2023-07-10 08:25:30,186 INFO  [org.springframework.kafka.KafkaListenerEndpointContainer#0-0-C-1] org.apache.kafka.clients.consumer.internals.ConsumerCoordinator - [Consumer clientId=consumer-app.1-1, groupId=app.1] Successfully joined group with generation Generation{generationId=26, memberId='consumer-app.1-1-234dffc3-da79-492a-acc3-613f133f4a48', protocol='range'}
2023-07-10 08:25:30,186 INFO  [org.springframework.kafka.KafkaListenerEndpointContainer#1-0-C-1] org.apache.kafka.clients.consumer.internals.ConsumerCoordinator - [Consumer clientId=consumer-app.1-2, groupId=app.1] Successfully joined group with generation Generation{generationId=26, memberId='consumer-app.1-2-dbd44396-048e-4ff1-8673-4e1ed742b4cd', protocol='range'}
2023-07-10 08:25:30,383 INFO  [org.springframework.kafka.KafkaListenerEndpointContainer#0-0-C-1] org.apache.kafka.clients.Metadata - [Consumer clientId=consumer-app.1-1, groupId=app.1] Resetting the last seen epoch of partition informationTool-0 to 0 since the associated topicId changed from null to vUxIZn2rTK67g7IWZju64A
2023-07-10 08:25:30,383 INFO  [org.springframework.kafka.KafkaListenerEndpointContainer#0-0-C-1] org.apache.kafka.clients.Metadata - [Consumer clientId=consumer-app.1-1, groupId=app.1] Resetting the last seen epoch of partition positionInstrument-0 to 0 since the associated topicId changed from null to hXQMoGgkSMWdlKkOMIM9YA
2023-07-10 08:25:30,384 INFO  [org.springframework.kafka.KafkaListenerEndpointContainer#0-0-C-1] org.apache.kafka.clients.consumer.internals.ConsumerCoordinator - [Consumer clientId=consumer-app.1-1, groupId=app.1] Finished assignment for group at generation 26: {consumer-app.1-1-234dffc3-da79-492a-acc3-613f133f4a48=Assignment(partitions=[getItem-0]), consumer-app.1-2-dbd44396-048e-4ff1-8673-4e1ed742b4cd=Assignment(partitions=[paramEx-0]), consumer-app.1-2-7b8b27b1-22cd-4358-ae93-86a7238e808e=Assignment(partitions=[positionInstrument-0]), consumer-app.1-1-afa951c6-b295-491f-9d8b-49c57c1f7ded=Assignment(partitions=[informationTool-0])}
2023-07-10 08:25:30,387 INFO  [org.springframework.kafka.KafkaListenerEndpointContainer#1-0-C-1] org.apache.kafka.clients.consumer.internals.ConsumerCoordinator - [Consumer clientId=consumer-app.1-2, groupId=app.1] Successfully synced group in generation Generation{generationId=26, memberId='consumer-app.1-2-dbd44396-048e-4ff1-8673-4e1ed742b4cd', protocol='range'}
2023-07-10 08:25:30,387 INFO  [org.springframework.kafka.KafkaListenerEndpointContainer#0-0-C-1] org.apache.kafka.clients.consumer.internals.ConsumerCoordinator - [Consumer clientId=consumer-app.1-1, groupId=app.1] Successfully synced group in generation Generation{generationId=26, memberId='consumer-app.1-1-234dffc3-da79-492a-acc3-613f133f4a48', protocol='range'}
2023-07-10 08:25:30,387 INFO  [org.springframework.kafka.KafkaListenerEndpointContainer#0-0-C-1] org.apache.kafka.clients.consumer.internals.ConsumerCoordinator - [Consumer clientId=consumer-app.1-1, groupId=app.1] Notifying assignor about the new Assignment(partitions=[getItem-0])
2023-07-10 08:25:30,387 INFO  [org.springframework.kafka.KafkaListenerEndpointContainer#1-0-C-1] org.apache.kafka.clients.consumer.internals.ConsumerCoordinator - [Consumer clientId=consumer-app.1-2, groupId=app.1] Notifying assignor about the new Assignment(partitions=[paramEx-0])
2023-07-10 08:25:30,387 INFO  [org.springframework.kafka.KafkaListenerEndpointContainer#0-0-C-1] org.apache.kafka.clients.consumer.internals.ConsumerCoordinator - [Consumer clientId=consumer-app.1-1, groupId=app.1] Adding newly assigned partitions: getItem-0
2023-07-10 08:25:30,387 INFO  [org.springframework.kafka.KafkaListenerEndpointContainer#1-0-C-1] org.apache.kafka.clients.consumer.internals.ConsumerCoordinator - [Consumer clientId=consumer-app.1-2, groupId=app.1] Adding newly assigned partitions: paramEx-0
2023-07-10 08:25:30,391 INFO  [org.springframework.kafka.KafkaListenerEndpointContainer#0-0-C-1] org.apache.kafka.clients.consumer.internals.ConsumerCoordinator - [Consumer clientId=consumer-app.1-1, groupId=app.1] Setting offset for partition getItem-0 to the committed offset FetchPosition{offset=4, offsetEpoch=Optional.empty, currentLeader=LeaderAndEpoch{leader=Optional[host.docker.internal:9092 (id: 0 rack: null)], epoch=0}}
2023-07-10 08:25:30,391 INFO  [org.springframework.kafka.KafkaListenerEndpointContainer#1-0-C-1] org.apache.kafka.clients.consumer.internals.ConsumerCoordinator - [Consumer clientId=consumer-app.1-2, groupId=app.1] Setting offset for partition paramEx-0 to the committed offset FetchPosition{offset=0, offsetEpoch=Optional.empty, currentLeader=LeaderAndEpoch{leader=Optional[host.docker.internal:9092 (id: 0 rack: null)], epoch=0}}
2023-07-10 08:25:30,391 INFO  [org.springframework.kafka.KafkaListenerEndpointContainer#0-0-C-1] org.springframework.kafka.listener.KafkaMessageListenerContainer - app.1: partitions assigned: [getItem-0]
2023-07-10 08:25:30,391 INFO  [org.springframework.kafka.KafkaListenerEndpointContainer#1-0-C-1] org.springframework.kafka.listener.KafkaMessageListenerContainer - app.1: partitions assigned: [paramEx-0]
2023-07-10 08:25:39,050 INFO  [org.springframework.kafka.KafkaListenerEndpointContainer#0-0-C-1] com.enfernuz.quik.lua.rpc.consumer.ConsumerRpc - consumeParam message {"clientCode":"10334","account":"NL0011100043"}
2023-07-10 08:25:39,050 INFO  [org.springframework.kafka.KafkaListenerEndpointContainer#0-0-C-1] com.enfernuz.quik.lua.rpc.consumer.ConsumerRpc - consumeParam message informationAccountResponse InformationAccountResponse(clientCode=10334, account=NL0011100043)
2023-07-10 08:26:09,290 INFO  [org.springframework.kafka.KafkaListenerEndpointContainer#1-0-C-1] org.apache.kafka.clients.consumer.internals.ConsumerCoordinator - [Consumer clientId=consumer-app.1-2, groupId=app.1] Request joining group due to: group is already rebalancing
2023-07-10 08:26:09,290 INFO  [org.springframework.kafka.KafkaListenerEndpointContainer#1-0-C-1] org.apache.kafka.clients.consumer.internals.ConsumerCoordinator - [Consumer clientId=consumer-app.1-2, groupId=app.1] Revoke previously assigned partitions paramEx-0
2023-07-10 08:26:09,291 INFO  [org.springframework.kafka.KafkaListenerEndpointContainer#1-0-C-1] org.springframework.kafka.listener.KafkaMessageListenerContainer - app.1: partitions revoked: [paramEx-0]
2023-07-10 08:26:09,291 INFO  [org.springframework.kafka.KafkaListenerEndpointContainer#1-0-C-1] org.apache.kafka.clients.consumer.internals.ConsumerCoordinator - [Consumer clientId=consumer-app.1-2, groupId=app.1] (Re-)joining group
2023-07-10 08:26:09,336 INFO  [org.springframework.kafka.KafkaListenerEndpointContainer#0-0-C-1] org.apache.kafka.clients.consumer.internals.ConsumerCoordinator - [Consumer clientId=consumer-app.1-1, groupId=app.1] Request joining group due to: group is already rebalancing
2023-07-10 08:26:09,336 INFO  [org.springframework.kafka.KafkaListenerEndpointContainer#0-0-C-1] org.apache.kafka.clients.consumer.internals.ConsumerCoordinator - [Consumer clientId=consumer-app.1-1, groupId=app.1] Revoke previously assigned partitions getItem-0
2023-07-10 08:26:09,336 INFO  [org.springframework.kafka.KafkaListenerEndpointContainer#0-0-C-1] org.springframework.kafka.listener.KafkaMessageListenerContainer - app.1: partitions revoked: [getItem-0]
2023-07-10 08:26:09,336 INFO  [org.springframework.kafka.KafkaListenerEndpointContainer#0-0-C-1] org.apache.kafka.clients.consumer.internals.ConsumerCoordinator - [Consumer clientId=consumer-app.1-1, groupId=app.1] (Re-)joining group
2023-07-10 08:26:09,339 INFO  [org.springframework.kafka.KafkaListenerEndpointContainer#1-0-C-1] org.apache.kafka.clients.consumer.internals.ConsumerCoordinator - [Consumer clientId=consumer-app.1-2, groupId=app.1] Successfully joined group with generation Generation{generationId=27, memberId='consumer-app.1-2-dbd44396-048e-4ff1-8673-4e1ed742b4cd', protocol='range'}
2023-07-10 08:26:09,339 INFO  [org.springframework.kafka.KafkaListenerEndpointContainer#0-0-C-1] org.apache.kafka.clients.consumer.internals.ConsumerCoordinator - [Consumer clientId=consumer-app.1-1, groupId=app.1] Successfully joined group with generation Generation{generationId=27, memberId='consumer-app.1-1-234dffc3-da79-492a-acc3-613f133f4a48', protocol='range'}
2023-07-10 08:26:09,353 INFO  [org.springframework.kafka.KafkaListenerEndpointContainer#0-0-C-1] org.apache.kafka.clients.consumer.internals.ConsumerCoordinator - [Consumer clientId=consumer-app.1-1, groupId=app.1] Finished assignment for group at generation 27: {consumer-app.1-1-234dffc3-da79-492a-acc3-613f133f4a48=Assignment(partitions=[getItem-0]), consumer-app.1-2-dbd44396-048e-4ff1-8673-4e1ed742b4cd=Assignment(partitions=[paramEx-0])}
2023-07-10 08:26:09,355 INFO  [org.springframework.kafka.KafkaListenerEndpointContainer#0-0-C-1] org.apache.kafka.clients.consumer.internals.ConsumerCoordinator - [Consumer clientId=consumer-app.1-1, groupId=app.1] Successfully synced group in generation Generation{generationId=27, memberId='consumer-app.1-1-234dffc3-da79-492a-acc3-613f133f4a48', protocol='range'}
2023-07-10 08:26:09,355 INFO  [org.springframework.kafka.KafkaListenerEndpointContainer#1-0-C-1] org.apache.kafka.clients.consumer.internals.ConsumerCoordinator - [Consumer clientId=consumer-app.1-2, groupId=app.1] Successfully synced group in generation Generation{generationId=27, memberId='consumer-app.1-2-dbd44396-048e-4ff1-8673-4e1ed742b4cd', protocol='range'}
2023-07-10 08:26:09,356 INFO  [org.springframework.kafka.KafkaListenerEndpointContainer#0-0-C-1] org.apache.kafka.clients.consumer.internals.ConsumerCoordinator - [Consumer clientId=consumer-app.1-1, groupId=app.1] Notifying assignor about the new Assignment(partitions=[getItem-0])
2023-07-10 08:26:09,356 INFO  [org.springframework.kafka.KafkaListenerEndpointContainer#1-0-C-1] org.apache.kafka.clients.consumer.internals.ConsumerCoordinator - [Consumer clientId=consumer-app.1-2, groupId=app.1] Notifying assignor about the new Assignment(partitions=[paramEx-0])
2023-07-10 08:26:09,356 INFO  [org.springframework.kafka.KafkaListenerEndpointContainer#0-0-C-1] org.apache.kafka.clients.consumer.internals.ConsumerCoordinator - [Consumer clientId=consumer-app.1-1, groupId=app.1] Adding newly assigned partitions: getItem-0
2023-07-10 08:26:09,356 INFO  [org.springframework.kafka.KafkaListenerEndpointContainer#1-0-C-1] org.apache.kafka.clients.consumer.internals.ConsumerCoordinator - [Consumer clientId=consumer-app.1-2, groupId=app.1] Adding newly assigned partitions: paramEx-0
2023-07-10 08:26:09,358 INFO  [org.springframework.kafka.KafkaListenerEndpointContainer#1-0-C-1] org.apache.kafka.clients.consumer.internals.ConsumerCoordinator - [Consumer clientId=consumer-app.1-2, groupId=app.1] Setting offset for partition paramEx-0 to the committed offset FetchPosition{offset=0, offsetEpoch=Optional.empty, currentLeader=LeaderAndEpoch{leader=Optional[host.docker.internal:9092 (id: 0 rack: null)], epoch=0}}
2023-07-10 08:26:09,358 INFO  [org.springframework.kafka.KafkaListenerEndpointContainer#0-0-C-1] org.apache.kafka.clients.consumer.internals.ConsumerCoordinator - [Consumer clientId=consumer-app.1-1, groupId=app.1] Setting offset for partition getItem-0 to the committed offset FetchPosition{offset=5, offsetEpoch=Optional.empty, currentLeader=LeaderAndEpoch{leader=Optional[host.docker.internal:9092 (id: 0 rack: null)], epoch=0}}
2023-07-10 08:26:09,358 INFO  [org.springframework.kafka.KafkaListenerEndpointContainer#1-0-C-1] org.springframework.kafka.listener.KafkaMessageListenerContainer - app.1: partitions assigned: [paramEx-0]
2023-07-10 08:26:09,358 INFO  [org.springframework.kafka.KafkaListenerEndpointContainer#0-0-C-1] org.springframework.kafka.listener.KafkaMessageListenerContainer - app.1: partitions assigned: [getItem-0]
2023-07-10 08:33:39,311 INFO  [kafka-producer-network-thread | producer-1] org.apache.kafka.clients.NetworkClient - [Producer clientId=producer-1] Node -1 disconnected.
2023-07-10 08:34:01,569 INFO  [org.springframework.kafka.KafkaListenerEndpointContainer#0-0-C-1] org.apache.kafka.clients.consumer.internals.ConsumerCoordinator - [Consumer clientId=consumer-app.1-1, groupId=app.1] Request joining group due to: group is already rebalancing
2023-07-10 08:34:01,570 INFO  [org.springframework.kafka.KafkaListenerEndpointContainer#0-0-C-1] org.apache.kafka.clients.consumer.internals.ConsumerCoordinator - [Consumer clientId=consumer-app.1-1, groupId=app.1] Revoke previously assigned partitions getItem-0
2023-07-10 08:34:01,570 INFO  [org.springframework.kafka.KafkaListenerEndpointContainer#0-0-C-1] org.springframework.kafka.listener.KafkaMessageListenerContainer - app.1: partitions revoked: [getItem-0]
2023-07-10 08:34:01,571 INFO  [org.springframework.kafka.KafkaListenerEndpointContainer#0-0-C-1] org.apache.kafka.clients.consumer.internals.ConsumerCoordinator - [Consumer clientId=consumer-app.1-1, groupId=app.1] (Re-)joining group
2023-07-10 08:34:01,710 INFO  [org.springframework.kafka.KafkaListenerEndpointContainer#1-0-C-1] org.apache.kafka.clients.consumer.internals.ConsumerCoordinator - [Consumer clientId=consumer-app.1-2, groupId=app.1] Request joining group due to: group is already rebalancing
2023-07-10 08:34:01,710 INFO  [org.springframework.kafka.KafkaListenerEndpointContainer#1-0-C-1] org.apache.kafka.clients.consumer.internals.ConsumerCoordinator - [Consumer clientId=consumer-app.1-2, groupId=app.1] Revoke previously assigned partitions paramEx-0
2023-07-10 08:34:01,710 INFO  [org.springframework.kafka.KafkaListenerEndpointContainer#1-0-C-1] org.springframework.kafka.listener.KafkaMessageListenerContainer - app.1: partitions revoked: [paramEx-0]
2023-07-10 08:34:01,710 INFO  [org.springframework.kafka.KafkaListenerEndpointContainer#1-0-C-1] org.apache.kafka.clients.consumer.internals.ConsumerCoordinator - [Consumer clientId=consumer-app.1-2, groupId=app.1] (Re-)joining group
2023-07-10 08:34:01,713 INFO  [org.springframework.kafka.KafkaListenerEndpointContainer#0-0-C-1] org.apache.kafka.clients.consumer.internals.ConsumerCoordinator - [Consumer clientId=consumer-app.1-1, groupId=app.1] Successfully joined group with generation Generation{generationId=28, memberId='consumer-app.1-1-234dffc3-da79-492a-acc3-613f133f4a48', protocol='range'}
2023-07-10 08:34:01,713 INFO  [org.springframework.kafka.KafkaListenerEndpointContainer#1-0-C-1] org.apache.kafka.clients.consumer.internals.ConsumerCoordinator - [Consumer clientId=consumer-app.1-2, groupId=app.1] Successfully joined group with generation Generation{generationId=28, memberId='consumer-app.1-2-dbd44396-048e-4ff1-8673-4e1ed742b4cd', protocol='range'}
2023-07-10 08:34:01,743 INFO  [org.springframework.kafka.KafkaListenerEndpointContainer#0-0-C-1] org.apache.kafka.clients.Metadata - [Consumer clientId=consumer-app.1-1, groupId=app.1] Resetting the last seen epoch of partition informationTool-0 to 0 since the associated topicId changed from null to vUxIZn2rTK67g7IWZju64A
2023-07-10 08:34:01,743 INFO  [org.springframework.kafka.KafkaListenerEndpointContainer#0-0-C-1] org.apache.kafka.clients.Metadata - [Consumer clientId=consumer-app.1-1, groupId=app.1] Resetting the last seen epoch of partition positionInstrument-0 to 0 since the associated topicId changed from null to hXQMoGgkSMWdlKkOMIM9YA
2023-07-10 08:34:01,744 INFO  [org.springframework.kafka.KafkaListenerEndpointContainer#0-0-C-1] org.apache.kafka.clients.consumer.internals.ConsumerCoordinator - [Consumer clientId=consumer-app.1-1, groupId=app.1] Finished assignment for group at generation 28: {consumer-app.1-2-07eb4bfa-d4a7-41f6-a916-e6eb53f5db5f=Assignment(partitions=[positionInstrument-0]), consumer-app.1-1-234dffc3-da79-492a-acc3-613f133f4a48=Assignment(partitions=[getItem-0]), consumer-app.1-2-dbd44396-048e-4ff1-8673-4e1ed742b4cd=Assignment(partitions=[paramEx-0]), consumer-app.1-1-5cbee1d2-9a17-429e-9ae8-3f828201ee21=Assignment(partitions=[informationTool-0])}
2023-07-10 08:34:01,746 INFO  [org.springframework.kafka.KafkaListenerEndpointContainer#1-0-C-1] org.apache.kafka.clients.consumer.internals.ConsumerCoordinator - [Consumer clientId=consumer-app.1-2, groupId=app.1] Successfully synced group in generation Generation{generationId=28, memberId='consumer-app.1-2-dbd44396-048e-4ff1-8673-4e1ed742b4cd', protocol='range'}
2023-07-10 08:34:01,747 INFO  [org.springframework.kafka.KafkaListenerEndpointContainer#0-0-C-1] org.apache.kafka.clients.consumer.internals.ConsumerCoordinator - [Consumer clientId=consumer-app.1-1, groupId=app.1] Successfully synced group in generation Generation{generationId=28, memberId='consumer-app.1-1-234dffc3-da79-492a-acc3-613f133f4a48', protocol='range'}
2023-07-10 08:34:01,747 INFO  [org.springframework.kafka.KafkaListenerEndpointContainer#1-0-C-1] org.apache.kafka.clients.consumer.internals.ConsumerCoordinator - [Consumer clientId=consumer-app.1-2, groupId=app.1] Notifying assignor about the new Assignment(partitions=[paramEx-0])
2023-07-10 08:34:01,747 INFO  [org.springframework.kafka.KafkaListenerEndpointContainer#0-0-C-1] org.apache.kafka.clients.consumer.internals.ConsumerCoordinator - [Consumer clientId=consumer-app.1-1, groupId=app.1] Notifying assignor about the new Assignment(partitions=[getItem-0])
2023-07-10 08:34:01,747 INFO  [org.springframework.kafka.KafkaListenerEndpointContainer#1-0-C-1] org.apache.kafka.clients.consumer.internals.ConsumerCoordinator - [Consumer clientId=consumer-app.1-2, groupId=app.1] Adding newly assigned partitions: paramEx-0
2023-07-10 08:34:01,747 INFO  [org.springframework.kafka.KafkaListenerEndpointContainer#0-0-C-1] org.apache.kafka.clients.consumer.internals.ConsumerCoordinator - [Consumer clientId=consumer-app.1-1, groupId=app.1] Adding newly assigned partitions: getItem-0
2023-07-10 08:34:01,749 INFO  [org.springframework.kafka.KafkaListenerEndpointContainer#1-0-C-1] org.apache.kafka.clients.consumer.internals.ConsumerCoordinator - [Consumer clientId=consumer-app.1-2, groupId=app.1] Setting offset for partition paramEx-0 to the committed offset FetchPosition{offset=0, offsetEpoch=Optional.empty, currentLeader=LeaderAndEpoch{leader=Optional[host.docker.internal:9092 (id: 0 rack: null)], epoch=0}}
2023-07-10 08:34:01,749 INFO  [org.springframework.kafka.KafkaListenerEndpointContainer#0-0-C-1] org.apache.kafka.clients.consumer.internals.ConsumerCoordinator - [Consumer clientId=consumer-app.1-1, groupId=app.1] Setting offset for partition getItem-0 to the committed offset FetchPosition{offset=5, offsetEpoch=Optional.empty, currentLeader=LeaderAndEpoch{leader=Optional[host.docker.internal:9092 (id: 0 rack: null)], epoch=0}}
2023-07-10 08:34:01,749 INFO  [org.springframework.kafka.KafkaListenerEndpointContainer#1-0-C-1] org.springframework.kafka.listener.KafkaMessageListenerContainer - app.1: partitions assigned: [paramEx-0]
2023-07-10 08:34:01,749 INFO  [org.springframework.kafka.KafkaListenerEndpointContainer#0-0-C-1] org.springframework.kafka.listener.KafkaMessageListenerContainer - app.1: partitions assigned: [getItem-0]
2023-07-10 08:34:55,731 INFO  [org.springframework.kafka.KafkaListenerEndpointContainer#0-0-C-1] com.enfernuz.quik.lua.rpc.consumer.ConsumerRpc - consumeParam message {"clientCode":"10334","account":"NL0011100043"}
2023-07-10 08:34:55,732 INFO  [org.springframework.kafka.KafkaListenerEndpointContainer#0-0-C-1] com.enfernuz.quik.lua.rpc.consumer.ConsumerRpc - consumeParam message informationAccountResponse InformationAccountResponse(clientCode=10334, account=NL0011100043)
2023-07-10 08:35:04,887 INFO  [org.springframework.kafka.KafkaListenerEndpointContainer#0-0-C-1] org.apache.kafka.clients.consumer.internals.ConsumerCoordinator - [Consumer clientId=consumer-app.1-1, groupId=app.1] Request joining group due to: group is already rebalancing
2023-07-10 08:35:04,887 INFO  [org.springframework.kafka.KafkaListenerEndpointContainer#1-0-C-1] org.apache.kafka.clients.consumer.internals.ConsumerCoordinator - [Consumer clientId=consumer-app.1-2, groupId=app.1] Request joining group due to: group is already rebalancing
2023-07-10 08:35:04,887 INFO  [org.springframework.kafka.KafkaListenerEndpointContainer#0-0-C-1] org.apache.kafka.clients.consumer.internals.ConsumerCoordinator - [Consumer clientId=consumer-app.1-1, groupId=app.1] Revoke previously assigned partitions getItem-0
2023-07-10 08:35:04,887 INFO  [org.springframework.kafka.KafkaListenerEndpointContainer#1-0-C-1] org.apache.kafka.clients.consumer.internals.ConsumerCoordinator - [Consumer clientId=consumer-app.1-2, groupId=app.1] Revoke previously assigned partitions paramEx-0
2023-07-10 08:35:04,888 INFO  [org.springframework.kafka.KafkaListenerEndpointContainer#0-0-C-1] org.springframework.kafka.listener.KafkaMessageListenerContainer - app.1: partitions revoked: [getItem-0]
2023-07-10 08:35:04,888 INFO  [org.springframework.kafka.KafkaListenerEndpointContainer#1-0-C-1] org.springframework.kafka.listener.KafkaMessageListenerContainer - app.1: partitions revoked: [paramEx-0]
2023-07-10 08:35:04,888 INFO  [org.springframework.kafka.KafkaListenerEndpointContainer#0-0-C-1] org.apache.kafka.clients.consumer.internals.ConsumerCoordinator - [Consumer clientId=consumer-app.1-1, groupId=app.1] (Re-)joining group
2023-07-10 08:35:04,888 INFO  [org.springframework.kafka.KafkaListenerEndpointContainer#1-0-C-1] org.apache.kafka.clients.consumer.internals.ConsumerCoordinator - [Consumer clientId=consumer-app.1-2, groupId=app.1] (Re-)joining group
2023-07-10 08:35:04,890 INFO  [org.springframework.kafka.KafkaListenerEndpointContainer#0-0-C-1] org.apache.kafka.clients.consumer.internals.ConsumerCoordinator - [Consumer clientId=consumer-app.1-1, groupId=app.1] Successfully joined group with generation Generation{generationId=29, memberId='consumer-app.1-1-234dffc3-da79-492a-acc3-613f133f4a48', protocol='range'}
2023-07-10 08:35:04,890 INFO  [org.springframework.kafka.KafkaListenerEndpointContainer#1-0-C-1] org.apache.kafka.clients.consumer.internals.ConsumerCoordinator - [Consumer clientId=consumer-app.1-2, groupId=app.1] Successfully joined group with generation Generation{generationId=29, memberId='consumer-app.1-2-dbd44396-048e-4ff1-8673-4e1ed742b4cd', protocol='range'}
2023-07-10 08:35:04,903 INFO  [org.springframework.kafka.KafkaListenerEndpointContainer#0-0-C-1] org.apache.kafka.clients.consumer.internals.ConsumerCoordinator - [Consumer clientId=consumer-app.1-1, groupId=app.1] Finished assignment for group at generation 29: {consumer-app.1-1-234dffc3-da79-492a-acc3-613f133f4a48=Assignment(partitions=[getItem-0]), consumer-app.1-2-dbd44396-048e-4ff1-8673-4e1ed742b4cd=Assignment(partitions=[paramEx-0])}
2023-07-10 08:35:04,905 INFO  [org.springframework.kafka.KafkaListenerEndpointContainer#1-0-C-1] org.apache.kafka.clients.consumer.internals.ConsumerCoordinator - [Consumer clientId=consumer-app.1-2, groupId=app.1] Successfully synced group in generation Generation{generationId=29, memberId='consumer-app.1-2-dbd44396-048e-4ff1-8673-4e1ed742b4cd', protocol='range'}
2023-07-10 08:35:04,905 INFO  [org.springframework.kafka.KafkaListenerEndpointContainer#0-0-C-1] org.apache.kafka.clients.consumer.internals.ConsumerCoordinator - [Consumer clientId=consumer-app.1-1, groupId=app.1] Successfully synced group in generation Generation{generationId=29, memberId='consumer-app.1-1-234dffc3-da79-492a-acc3-613f133f4a48', protocol='range'}
2023-07-10 08:35:04,906 INFO  [org.springframework.kafka.KafkaListenerEndpointContainer#0-0-C-1] org.apache.kafka.clients.consumer.internals.ConsumerCoordinator - [Consumer clientId=consumer-app.1-1, groupId=app.1] Notifying assignor about the new Assignment(partitions=[getItem-0])
2023-07-10 08:35:04,906 INFO  [org.springframework.kafka.KafkaListenerEndpointContainer#0-0-C-1] org.apache.kafka.clients.consumer.internals.ConsumerCoordinator - [Consumer clientId=consumer-app.1-1, groupId=app.1] Adding newly assigned partitions: getItem-0
2023-07-10 08:35:04,906 INFO  [org.springframework.kafka.KafkaListenerEndpointContainer#1-0-C-1] org.apache.kafka.clients.consumer.internals.ConsumerCoordinator - [Consumer clientId=consumer-app.1-2, groupId=app.1] Notifying assignor about the new Assignment(partitions=[paramEx-0])
2023-07-10 08:35:04,906 INFO  [org.springframework.kafka.KafkaListenerEndpointContainer#1-0-C-1] org.apache.kafka.clients.consumer.internals.ConsumerCoordinator - [Consumer clientId=consumer-app.1-2, groupId=app.1] Adding newly assigned partitions: paramEx-0
2023-07-10 08:35:04,908 INFO  [org.springframework.kafka.KafkaListenerEndpointContainer#0-0-C-1] org.apache.kafka.clients.consumer.internals.ConsumerCoordinator - [Consumer clientId=consumer-app.1-1, groupId=app.1] Setting offset for partition getItem-0 to the committed offset FetchPosition{offset=6, offsetEpoch=Optional.empty, currentLeader=LeaderAndEpoch{leader=Optional[host.docker.internal:9092 (id: 0 rack: null)], epoch=0}}
2023-07-10 08:35:04,908 INFO  [org.springframework.kafka.KafkaListenerEndpointContainer#1-0-C-1] org.apache.kafka.clients.consumer.internals.ConsumerCoordinator - [Consumer clientId=consumer-app.1-2, groupId=app.1] Setting offset for partition paramEx-0 to the committed offset FetchPosition{offset=0, offsetEpoch=Optional.empty, currentLeader=LeaderAndEpoch{leader=Optional[host.docker.internal:9092 (id: 0 rack: null)], epoch=0}}
2023-07-10 08:35:04,908 INFO  [org.springframework.kafka.KafkaListenerEndpointContainer#0-0-C-1] org.springframework.kafka.listener.KafkaMessageListenerContainer - app.1: partitions assigned: [getItem-0]
2023-07-10 08:35:04,908 INFO  [org.springframework.kafka.KafkaListenerEndpointContainer#1-0-C-1] org.springframework.kafka.listener.KafkaMessageListenerContainer - app.1: partitions assigned: [paramEx-0]
2023-07-10 08:35:06,634 INFO  [org.springframework.kafka.KafkaListenerEndpointContainer#0-0-C-1] org.apache.kafka.clients.consumer.internals.ConsumerCoordinator - [Consumer clientId=consumer-app.1-1, groupId=app.1] Revoke previously assigned partitions getItem-0
2023-07-10 08:35:06,634 INFO  [org.springframework.kafka.KafkaListenerEndpointContainer#1-0-C-1] org.apache.kafka.clients.consumer.internals.ConsumerCoordinator - [Consumer clientId=consumer-app.1-2, groupId=app.1] Revoke previously assigned partitions paramEx-0
2023-07-10 08:35:06,635 INFO  [org.springframework.kafka.KafkaListenerEndpointContainer#0-0-C-1] org.springframework.kafka.listener.KafkaMessageListenerContainer - app.1: partitions revoked: [getItem-0]
2023-07-10 08:35:06,635 INFO  [org.springframework.kafka.KafkaListenerEndpointContainer#1-0-C-1] org.springframework.kafka.listener.KafkaMessageListenerContainer - app.1: partitions revoked: [paramEx-0]
2023-07-10 08:35:06,635 INFO  [org.springframework.kafka.KafkaListenerEndpointContainer#0-0-C-1] org.apache.kafka.clients.consumer.internals.ConsumerCoordinator - [Consumer clientId=consumer-app.1-1, groupId=app.1] Member consumer-app.1-1-234dffc3-da79-492a-acc3-613f133f4a48 sending LeaveGroup request to coordinator host.docker.internal:9092 (id: 2147483647 rack: null) due to the consumer unsubscribed from all topics
2023-07-10 08:35:06,635 INFO  [org.springframework.kafka.KafkaListenerEndpointContainer#1-0-C-1] org.apache.kafka.clients.consumer.internals.ConsumerCoordinator - [Consumer clientId=consumer-app.1-2, groupId=app.1] Member consumer-app.1-2-dbd44396-048e-4ff1-8673-4e1ed742b4cd sending LeaveGroup request to coordinator host.docker.internal:9092 (id: 2147483647 rack: null) due to the consumer unsubscribed from all topics
2023-07-10 08:35:06,637 INFO  [org.springframework.kafka.KafkaListenerEndpointContainer#0-0-C-1] org.apache.kafka.clients.consumer.internals.ConsumerCoordinator - [Consumer clientId=consumer-app.1-1, groupId=app.1] Resetting generation due to: consumer pro-actively leaving the group
2023-07-10 08:35:06,637 INFO  [org.springframework.kafka.KafkaListenerEndpointContainer#1-0-C-1] org.apache.kafka.clients.consumer.internals.ConsumerCoordinator - [Consumer clientId=consumer-app.1-2, groupId=app.1] Resetting generation due to: consumer pro-actively leaving the group
2023-07-10 08:35:06,637 INFO  [org.springframework.kafka.KafkaListenerEndpointContainer#0-0-C-1] org.apache.kafka.clients.consumer.internals.ConsumerCoordinator - [Consumer clientId=consumer-app.1-1, groupId=app.1] Request joining group due to: consumer pro-actively leaving the group
2023-07-10 08:35:06,637 INFO  [org.springframework.kafka.KafkaListenerEndpointContainer#1-0-C-1] org.apache.kafka.clients.consumer.internals.ConsumerCoordinator - [Consumer clientId=consumer-app.1-2, groupId=app.1] Request joining group due to: consumer pro-actively leaving the group
2023-07-10 08:35:06,637 INFO  [org.springframework.kafka.KafkaListenerEndpointContainer#0-0-C-1] org.apache.kafka.clients.consumer.KafkaConsumer - [Consumer clientId=consumer-app.1-1, groupId=app.1] Unsubscribed all topics or patterns and assigned partitions
2023-07-10 08:35:06,637 INFO  [org.springframework.kafka.KafkaListenerEndpointContainer#1-0-C-1] org.apache.kafka.clients.consumer.KafkaConsumer - [Consumer clientId=consumer-app.1-2, groupId=app.1] Unsubscribed all topics or patterns and assigned partitions
2023-07-10 08:35:06,639 INFO  [org.springframework.kafka.KafkaListenerEndpointContainer#0-0-C-1] org.apache.kafka.clients.consumer.internals.ConsumerCoordinator - [Consumer clientId=consumer-app.1-1, groupId=app.1] Resetting generation due to: consumer pro-actively leaving the group
2023-07-10 08:35:06,639 INFO  [org.springframework.kafka.KafkaListenerEndpointContainer#1-0-C-1] org.apache.kafka.clients.consumer.internals.ConsumerCoordinator - [Consumer clientId=consumer-app.1-2, groupId=app.1] Resetting generation due to: consumer pro-actively leaving the group
2023-07-10 08:35:06,639 INFO  [org.springframework.kafka.KafkaListenerEndpointContainer#0-0-C-1] org.apache.kafka.clients.consumer.internals.ConsumerCoordinator - [Consumer clientId=consumer-app.1-1, groupId=app.1] Request joining group due to: consumer pro-actively leaving the group
2023-07-10 08:35:06,639 INFO  [org.springframework.kafka.KafkaListenerEndpointContainer#1-0-C-1] org.apache.kafka.clients.consumer.internals.ConsumerCoordinator - [Consumer clientId=consumer-app.1-2, groupId=app.1] Request joining group due to: consumer pro-actively leaving the group
2023-07-10 08:35:06,643 INFO  [org.springframework.kafka.KafkaListenerEndpointContainer#0-0-C-1] org.apache.kafka.common.metrics.Metrics - Metrics scheduler closed
2023-07-10 08:35:06,643 INFO  [org.springframework.kafka.KafkaListenerEndpointContainer#0-0-C-1] org.apache.kafka.common.metrics.Metrics - Closing reporter org.apache.kafka.common.metrics.JmxReporter
2023-07-10 08:35:06,643 INFO  [org.springframework.kafka.KafkaListenerEndpointContainer#0-0-C-1] org.apache.kafka.common.metrics.Metrics - Metrics reporters closed
2023-07-10 08:35:06,645 INFO  [org.springframework.kafka.KafkaListenerEndpointContainer#1-0-C-1] org.apache.kafka.common.metrics.Metrics - Metrics scheduler closed
2023-07-10 08:35:06,645 INFO  [org.springframework.kafka.KafkaListenerEndpointContainer#1-0-C-1] org.apache.kafka.common.metrics.Metrics - Closing reporter org.apache.kafka.common.metrics.JmxReporter
2023-07-10 08:35:06,645 INFO  [org.springframework.kafka.KafkaListenerEndpointContainer#1-0-C-1] org.apache.kafka.common.metrics.Metrics - Metrics reporters closed
2023-07-10 08:35:06,646 INFO  [org.springframework.kafka.KafkaListenerEndpointContainer#0-0-C-1] org.apache.kafka.common.utils.AppInfoParser - App info kafka.consumer for consumer-app.1-1 unregistered
2023-07-10 08:35:06,647 INFO  [org.springframework.kafka.KafkaListenerEndpointContainer#1-0-C-1] org.apache.kafka.common.utils.AppInfoParser - App info kafka.consumer for consumer-app.1-2 unregistered
2023-07-10 08:35:06,647 INFO  [org.springframework.kafka.KafkaListenerEndpointContainer#0-0-C-1] org.springframework.kafka.listener.KafkaMessageListenerContainer - app.1: Consumer stopped
2023-07-10 08:35:06,647 INFO  [org.springframework.kafka.KafkaListenerEndpointContainer#1-0-C-1] org.springframework.kafka.listener.KafkaMessageListenerContainer - app.1: Consumer stopped
2023-07-10 08:35:06,674 INFO  [SpringApplicationShutdownHook] org.apache.kafka.clients.producer.KafkaProducer - [Producer clientId=producer-1] Closing the Kafka producer with timeoutMillis = 30000 ms.
2023-07-10 08:35:06,687 INFO  [SpringApplicationShutdownHook] org.apache.kafka.common.metrics.Metrics - Metrics scheduler closed
2023-07-10 08:35:06,687 INFO  [SpringApplicationShutdownHook] org.apache.kafka.common.metrics.Metrics - Closing reporter org.apache.kafka.common.metrics.JmxReporter
2023-07-10 08:35:06,688 INFO  [SpringApplicationShutdownHook] org.apache.kafka.common.metrics.Metrics - Metrics reporters closed
2023-07-10 08:35:06,688 INFO  [SpringApplicationShutdownHook] org.apache.kafka.common.utils.AppInfoParser - App info kafka.producer for producer-1 unregistered
